#
# A fatal error has been detected by the Java Runtime Environment:
#
#  Internal Error (jvmciRuntime.cpp:1609), pid=43, tid=57
#  fatal error: Fatal exception in JVMCI: Error calling jdk.vm.ci.services.Services.serializeSavedProperties
#
# JRE version: OpenJDK Runtime Environment GraalVM CE 22.3.0 (17.0.5+8) (build 17.0.5+8-jvmci-22.3-b08)
# Java VM: OpenJDK 64-Bit Server VM GraalVM CE 22.3.0 (17.0.5+8-jvmci-22.3-b08, mixed mode, sharing, tiered, jvmci, jvmci compiler, compressed oops, compressed class ptrs, parallel gc, linux-amd64)
# Problematic frame:
# V  [libjvm.so+0x972714]  JVMCIRuntime::fatal_exception(JVMCIEnv*, char const*)+0x74
#
# Core dump will be written. Default location: Core dumps may be processed with "/usr/share/apport/apport -p%p -s%s -c%c -d%d -P%P -u%u -g%g -- %E" (or dumping to /home/runner/Introduction-to-Java/core.43)
#
# If you would like to submit a bug report, please visit:
#   https://github.com/oracle/graal/issues
#

---------------  S U M M A R Y ------------

Command Line: -XX:ThreadPriorityPolicy=1 -XX:+UnlockExperimentalVMOptions -XX:+EnableJVMCIProduct -XX:JVMCIThreadsPerNativeLibraryRuntime=1 -XX:-UnlockExperimentalVMOptions -Declipse.application=org.eclipse.jdt.ls.core.id1 -Dosgi.bundles.defaultStartLevel=4 -Declipse.product=org.eclipse.jdt.ls.core.product -Dlog.level=ALL -Xverify:none -XX:+UseParallelGC -XX:GCTimeRatio=4 -XX:AdaptiveSizePolicyWeight=90 -Dsun.zip.disableMemoryMapping=true -Xmx512m -Xms100m /nix/store/m6gcpi1ii6rghy04cjwjddcavv7i90df-jdt-language-server-1.9.0/share/java/plugins/org.eclipse.equinox.launcher_1.6.400.v20210924-0641.jar --add-modules=ALL-SYSTEM --add-opens java.base/java.util=ALL-UNNAMED --add-opens java.base/java.lang=ALL-UNNAMED -configuration /home/runner/.cache/jdt-language-server/config -data /home/runner/.cache/jdt-language-server/data/home/runner/Introduction-to-Java

Host: AMD EPYC 7B12, 8 cores, 1G, Ubuntu 20.04.2 LTS
Time: Wed Aug 23 01:29:35 2023 UTC elapsed time: 1089.967079 seconds (0d 0h 18m 9s)

---------------  T H R E A D  ---------------

Current thread (0x00007f36200b21e0):  JavaThread "JVMCI-native CompilerThread0" daemon [_thread_in_vm, id=57, stack(0x00007f36072b3000,0x00007f36074b3000)]


Current CompileTask:
JVMCI-native:1089967 8672       4       org.eclipse.jdt.internal.core.JrtPackageFragmentRoot::hashCode (41 bytes)

Stack: [0x00007f36072b3000,0x00007f36074b3000],  sp=0x00007f36074b1380,  free space=2040k
Native frames: (J=compiled Java code, j=interpreted, Vv=VM code, C=native code)
V  [libjvm.so+0x972714]  JVMCIRuntime::fatal_exception(JVMCIEnv*, char const*)+0x74
V  [libjvm.so+0x93e2fe]  JVMCIEnv::copy_saved_properties()+0x14e
V  [libjvm.so+0x9732a9]  JVMCIRuntime::initialize(JVMCIEnv*)+0xb19
V  [libjvm.so+0x9738a2]  JVMCIRuntime::get_HotSpotJVMCIRuntime(JVMCIEnv*)+0x12
V  [libjvm.so+0x9749f2]  JVMCIRuntime::compile_method(JVMCIEnv*, JVMCICompiler*, methodHandle const&, int)+0xd2
V  [libjvm.so+0x5b0d20]  CompileBroker::invoke_compiler_on_method(CompileTask*)+0x1470
V  [libjvm.so+0x5b12e8]  CompileBroker::compiler_thread_loop()+0x528
V  [libjvm.so+0xd82460]  JavaThread::thread_main_inner()+0xd0
V  [libjvm.so+0xd85a40]  Thread::call_run()+0xc0
V  [libjvm.so+0xbdb1e1]  thread_native_entry(Thread*)+0xe1

Register to memory mapping:

RAX=0x00007f3626f13000 points into unknown readable memory: 0x0000000000000058 | 58 00 00 00 00 00 00 00
RBX=0x00007f362800e398: <offset 0x0000000000ef5398> in /nix/store/gpxl5qgg8kicmcvivwmybwjlpf7wh20l-graalvm17-ce-22.3.0/lib/server/libjvm.so at 0x00007f3627119000
RCX=0x00007f3627fc61e8: <offset 0x0000000000ead1e8> in /nix/store/gpxl5qgg8kicmcvivwmybwjlpf7wh20l-graalvm17-ce-22.3.0/lib/server/libjvm.so at 0x00007f3627119000
RDX=0x0000000000000649 is an unknown value
RSP=0x00007f36074b1380 is pointing into the stack for thread: 0x00007f36200b21e0
RBP=0x00007f36074b13a0 is pointing into the stack for thread: 0x00007f36200b21e0
RSI=0x00007f362800ec48: <offset 0x0000000000ef5c48> in /nix/store/gpxl5qgg8kicmcvivwmybwjlpf7wh20l-graalvm17-ce-22.3.0/lib/server/libjvm.so at 0x00007f3627119000
RDI=0x00000000e0000000 is an oop: java.lang.String 
{0x00000000e0000000} - klass: 'java/lang/String'
 - string: "resolution"
R8 =0x00007f362800e398: <offset 0x0000000000ef5398> in /nix/store/gpxl5qgg8kicmcvivwmybwjlpf7wh20l-graalvm17-ce-22.3.0/lib/server/libjvm.so at 0x00007f3627119000
R9 =0x00007f36074b1330 is pointing into the stack for thread: 0x00007f36200b21e0
R10=0x00007f36074b2948 is pointing into the stack for thread: 0x00007f36200b21e0
R11=0x0000000000000293 is an unknown value
R12=0x0 is NULL
R13=0x00007f36200b21e0 is a thread
R14=0x00007f3620000b80 points into unknown readable memory: 0x00007f362823fa38 | 38 fa 23 28 36 7f 00 00
R15=0x00007f362834de40: <offset 0x0000000001234e40> in /nix/store/gpxl5qgg8kicmcvivwmybwjlpf7wh20l-graalvm17-ce-22.3.0/lib/server/libjvm.so at 0x00007f3627119000


Registers:
RAX=0x00007f3626f13000, RBX=0x00007f362800e398, RCX=0x00007f3627fc61e8, RDX=0x0000000000000649
RSP=0x00007f36074b1380, RBP=0x00007f36074b13a0, RSI=0x00007f362800ec48, RDI=0x00000000e0000000
R8 =0x00007f362800e398, R9 =0x00007f36074b1330, R10=0x00007f36074b2948, R11=0x0000000000000293
R12=0x0000000000000000, R13=0x00007f36200b21e0, R14=0x00007f3620000b80, R15=0x00007f362834de40
RIP=0x00007f3627a8b714, EFLAGS=0x0000000000010206, CSGSFS=0x002b000000000033, ERR=0x0000000000000006
  TRAPNO=0x000000000000000e

Top of Stack: (sp=0x00007f36074b1380)
0x00007f36074b1380:   00007f36074b1940 00007f36200b21e0
0x00007f36074b1390:   00007f36258a48c8 0000000800c417a0
0x00007f36074b13a0:   00007f36074b1500 00007f3627a572fe
0x00007f36074b13b0:   00007f36074b13e0 00007f36074b1440 

Instructions: (pc=0x00007f3627a8b714)
0x00007f3627a8b614:   30 e8 f6 cf e8 ff 4c 89 e7 e8 2e 48 d1 ff 84 db
0x00007f3627a8b624:   75 2a 4d 85 ed 74 04 4d 8b 6d 00 48 83 c4 08 44
0x00007f3627a8b634:   89 f9 4c 89 f2 4c 89 ee 5b 4c 89 e7 41 5c 41 5d
0x00007f3627a8b644:   41 5e 41 5f 5d e9 e2 47 d1 ff 66 90 48 83 c4 08
0x00007f3627a8b654:   5b 41 5c 41 5d 41 5e 41 5f 5d c3 90 31 d2 be 08
0x00007f3627a8b664:   00 00 00 4c 89 ff e8 b1 78 a3 ff 49 89 c5 e9 37
0x00007f3627a8b674:   ff ff ff 66 0f 1f 84 00 00 00 00 00 48 8b 7a 08
0x00007f3627a8b684:   e9 6d ff ff ff 0f 1f 80 00 00 00 00 e8 5b 48 0a
0x00007f3627a8b694:   00 84 c0 75 89 e9 6a ff ff ff 66 90 55 48 89 e5
0x00007f3627a8b6a4:   41 56 41 55 41 54 49 89 fc 53 48 89 f3 66 48 8d
0x00007f3627a8b6b4:   3d 27 5e 85 00 66 66 48 e8 df 43 8d ff 4c 8b 28
0x00007f3627a8b6c4:   8b 05 be 72 8a 00 85 c0 75 14 ba 01 00 00 00 48
0x00007f3627a8b6d4:   8d 0d ae 72 8a 00 f0 0f b1 11 85 c0 74 4e be c8
0x00007f3627a8b6e4:   00 00 00 4c 89 ef e8 01 0b 41 00 48 8d 05 12 ac
0x00007f3627a8b6f4:   85 00 49 89 d8 48 8d 0d e8 aa 53 00 ba 49 06 00
0x00007f3627a8b704:   00 48 8d 35 3c 35 58 00 bf 00 00 00 e0 48 8b 00
0x00007f3627a8b714:   c6 00 58 31 c0 e8 e2 91 c6 ff 5b 41 5c 41 5d 41
0x00007f3627a8b724:   5e 5d e9 55 34 26 00 0f 1f 44 00 00 48 8d 05 81
0x00007f3627a8b734:   a3 8b 00 48 89 df 4c 8b 30 e8 9e 43 8d ff 48 89
0x00007f3627a8b744:   de 48 89 c2 49 8b 06 4c 89 f7 ff 50 08 4c 89 f7
0x00007f3627a8b754:   e8 a7 5c 27 00 4d 85 e4 74 12 be 01 00 00 00 4c
0x00007f3627a8b764:   89 e7 e8 35 43 fc ff eb 82 0f 1f 00 be 01 00 00
0x00007f3627a8b774:   00 4c 89 ef e8 d3 fd ff ff e9 6d ff ff ff 66 66
0x00007f3627a8b784:   2e 0f 1f 84 00 00 00 00 00 0f 1f 00 55 48 89 e5
0x00007f3627a8b794:   41 57 41 56 41 55 41 54 53 48 81 ec 08 02 00 00
0x00007f3627a8b7a4:   64 48 8b 04 25 28 00 00 00 48 89 45 c8 8b 07 83
0x00007f3627a8b7b4:   f8 02 0f 84 11 04 00 00 4c 8b 6f 18 49 89 ff 49
0x00007f3627a8b7c4:   89 f4 4d 85 ed 74 14 4c 89 ef e8 5d 57 22 00 41
0x00007f3627a8b7d4:   8b 07 83 f8 02 0f 84 19 04 00 00 48 8d 1d 9a 06
0x00007f3627a8b7e4:   8a 00 4c 8d 35 0b 3c 58 00 eb 38 90 48 85 d2 7f
0x00007f3627a8b7f4:   0d 48 8d 05 b4 c0 85 00 48 83 38 00 7e 0e 41 8b
0x00007f3627a8b804:   77 2c 4c 89 f7 31 c0 e8 a0 b2 f7 ff 49 8b 7f 18 


Stack slot to memory mapping:
stack at sp + 0 slots: 0x00007f36074b1940 is pointing into the stack for thread: 0x00007f36200b21e0
stack at sp + 1 slots: 0x00007f36200b21e0 is a thread
stack at sp + 2 slots: 0x00007f36258a48c8 points into unknown readable memory: 0x65730018052dffff | ff ff 2d 05 18 00 73 65
stack at sp + 3 slots: 0x0000000800c417a0 is a pointer to class: 
jdk.vm.ci.services.Services {0x0000000800c417a0}
 - instance size:     2
 - klass size:        65
 - access:            public final synchronized 
 - state:             fully_initialized
 - name:              'jdk/vm/ci/services/Services'
 - super:             'java/lang/Object'
 - sub:               
 - arrays:            NULL
 - methods:           Array<T>(0x00007f3624844c20)
 - method ordering:   Array<T>(0x0000000800928960)
 - default_methods:   Array<T>(0x0000000000000000)
 - local interfaces:  Array<T>(0x00000008005ce810)
 - trans. interfaces: Array<T>(0x00000008005ce810)
 - constants:         constant pool [427] {0x00007f3624843980} for 'jdk/vm/ci/services/Services' cache=0x00007f3624845f98
 - class loader data:  loader data: 0x00007f36200283f0 of 'bootstrap'
 - source file:       'Services.java'
 - class annotations:       Array<T>(0x0000000000000000)
 - class type annotations:  Array<T>(0x0000000000000000)
 - field annotations:       Array<T>(0x0000000000000000)
 - field type annotations:  Array<T>(0x0000000000000000)
 - inner classes:     Array<T>(0x00007f3624845f68)
 - nest members:     Array<T>(0x00007f3624845f88)
 - permitted subclasses:     Array<T>(0x00000008005ce7a0)
 - java mirror:       a 'java/lang/Class'{0x00000000e0145cb8} = 'jdk/vm/ci/services/Services'
 - vtable length      5  (start addr: 0x0000000800c41970)
 - itable length      2 (start addr: 0x0000000800c41998)
 - ---- static fields (3 words):
 - public static final 'IS_BUILDING_NATIVE_IMAGE' 'Z' @128 
 - public static final 'IS_IN_NATIVE_IMAGE' 'Z' @129 
 - private static volatile 'savedProperties' 'Ljava/util/Map;' @112 
 - static final 'JVMCI_ENABLED' 'Z' @130 
 - private static final 'servicesCache' 'Ljava/util/Map;' @116 
 - private static final 'MAX_UNICODE_IN_UTF8_LENGTH' 'I' @120 
 - private static final 'MAX_UTF8_PROPERTY_STRING_LENGTH' 'I' @124 
 - ---- non-static fields (0 words):
 - non-static oop maps: 
stack at sp + 4 slots: 0x00007f36074b1500 is pointing into the stack for thread: 0x00007f36200b21e0
stack at sp + 5 slots: 0x00007f3627a572fe: <offset 0x000000000093e2fe> in /nix/store/gpxl5qgg8kicmcvivwmybwjlpf7wh20l-graalvm17-ce-22.3.0/lib/server/libjvm.so at 0x00007f3627119000
stack at sp + 6 slots: 0x00007f36074b13e0 is pointing into the stack for thread: 0x00007f36200b21e0
stack at sp + 7 slots: 0x00007f36074b1440 is pointing into the stack for thread: 0x00007f36200b21e0


---------------  P R O C E S S  ---------------

Threads class SMR info:
_java_thread_list=0x00007f35941407d0, length=29, elements={
0x00007f3620026690, 0x00007f36200a64d0, 0x00007f36200a7910, 0x00007f36200ae050,
0x00007f36200af400, 0x00007f36200b07f0, 0x00007f36200b21e0, 0x00007f36200b36f0,
0x00007f36200b4b40, 0x00007f36200dfc40, 0x00007f3620127fc0, 0x00007f362034bea0,
0x00007f362037fbf0, 0x00007f3620381b10, 0x00007f36203adcf0, 0x00007f35b80171f0,
0x00007f35b82a3020, 0x00007f35a00010d0, 0x00007f35b8485a60, 0x00007f35b8665a30,
0x00007f36203a6060, 0x00007f36204dd5f0, 0x00007f3588000ff0, 0x00007f358c000ff0,
0x00007f358c481480, 0x00007f359413cd60, 0x00007f359413c400, 0x00007f359405ddb0,
0x00007f3594140130
}

Java Threads: ( => current thread )
  0x00007f3620026690 JavaThread "main" [_thread_blocked, id=49, stack(0x00007f3626f34000,0x00007f3627034000)]
  0x00007f36200a64d0 JavaThread "Reference Handler" daemon [_thread_blocked, id=52, stack(0x00007f3624700000,0x00007f3624800000)]
  0x00007f36200a7910 JavaThread "Finalizer" daemon [_thread_blocked, id=53, stack(0x00007f3624600000,0x00007f3624700000)]
  0x00007f36200ae050 JavaThread "Signal Dispatcher" daemon [_thread_blocked, id=54, stack(0x00007f362421a000,0x00007f362431a000)]
  0x00007f36200af400 JavaThread "Service Thread" daemon [_thread_blocked, id=55, stack(0x00007f362411a000,0x00007f362421a000)]
  0x00007f36200b07f0 JavaThread "Monitor Deflation Thread" daemon [_thread_blocked, id=56, stack(0x00007f362401a000,0x00007f362411a000)]
=>0x00007f36200b21e0 JavaThread "JVMCI-native CompilerThread0" daemon [_thread_in_vm, id=57, stack(0x00007f36072b3000,0x00007f36074b3000)]
  0x00007f36200b36f0 JavaThread "C1 CompilerThread0" daemon [_thread_blocked, id=58, stack(0x00007f36070b3000,0x00007f36072b3000)]
  0x00007f36200b4b40 JavaThread "Sweeper thread" daemon [_thread_blocked, id=59, stack(0x00007f3606fb3000,0x00007f36070b3000)]
  0x00007f36200dfc40 JavaThread "Common-Cleaner" daemon [_thread_blocked, id=60, stack(0x00007f3606eb3000,0x00007f3606fb3000)]
  0x00007f3620127fc0 JavaThread "Notification Thread" daemon [_thread_blocked, id=62, stack(0x00007f3606db3000,0x00007f3606eb3000)]
  0x00007f362034bea0 JavaThread "Active Thread: Equinox Container: 4de2cbb6-1c1b-46e4-870a-fc343ae583b7" [_thread_blocked, id=79, stack(0x00007f3606b8f000,0x00007f3606c8f000)]
  0x00007f362037fbf0 JavaThread "Framework Event Dispatcher: Equinox Container: 4de2cbb6-1c1b-46e4-870a-fc343ae583b7" daemon [_thread_blocked, id=80, stack(0x00007f3604700000,0x00007f3604800000)]
  0x00007f3620381b10 JavaThread "Start Level: Equinox Container: 4de2cbb6-1c1b-46e4-870a-fc343ae583b7" daemon [_thread_blocked, id=81, stack(0x00007f3604500000,0x00007f3604600000)]
  0x00007f36203adcf0 JavaThread "Refresh Thread: Equinox Container: 4de2cbb6-1c1b-46e4-870a-fc343ae583b7" daemon [_thread_blocked, id=83, stack(0x00007f3604300000,0x00007f3604400000)]
  0x00007f35b80171f0 JavaThread "SCR Component Actor" daemon [_thread_blocked, id=97, stack(0x00007f3604100000,0x00007f3604200000)]
  0x00007f35b82a3020 JavaThread "Worker-JM" [_thread_blocked, id=106, stack(0x00007f35ceb00000,0x00007f35cec00000)]
  0x00007f35a00010d0 JavaThread "Worker-1" [_thread_blocked, id=108, stack(0x00007f35ce700000,0x00007f35ce800000)]
  0x00007f35b8485a60 JavaThread "Java indexing" daemon [_thread_blocked, id=109, stack(0x00007f35ce500000,0x00007f35ce600000)]
  0x00007f35b8665a30 JavaThread "Bundle File Closer" daemon [_thread_blocked, id=121, stack(0x00007f35ce300000,0x00007f35ce400000)]
  0x00007f36203a6060 JavaThread "pool-3-thread-1" [_thread_blocked, id=122, stack(0x00007f35ce100000,0x00007f35ce200000)]
  0x00007f36204dd5f0 JavaThread "pool-2-thread-1" [_thread_blocked, id=123, stack(0x00007f35cdf00000,0x00007f35ce000000)]
  0x00007f3588000ff0 JavaThread "Worker-3" [_thread_blocked, id=125, stack(0x00007f35cdb00000,0x00007f35cdc00000)]
  0x00007f358c000ff0 JavaThread "Worker-4: Java indexing... " [_thread_blocked, id=126, stack(0x00007f35cd900000,0x00007f35cda00000)]
  0x00007f358c481480 JavaThread "Okio Watchdog" daemon [_thread_blocked, id=181, stack(0x00007f35cd700000,0x00007f35cd800000)]
  0x00007f359413cd60 JavaThread "Thread-7" [_thread_blocked, id=630, stack(0x00007f35cdd00000,0x00007f35cde00000)]
  0x00007f359413c400 JavaThread "Thread-9" [_thread_blocked, id=2426, stack(0x00007f3604000000,0x00007f3604100000)]
  0x00007f359405ddb0 JavaThread "Thread-10" [_thread_blocked, id=2728, stack(0x00007f35ce900000,0x00007f35cea00000)]
  0x00007f3594140130 JavaThread "Thread-11" [_thread_blocked, id=2913, stack(0x00007f35cec00000,0x00007f35ced00000)]

Other Threads:
  0x00007f36200a1c10 VMThread "VM Thread" [stack: 0x00007f362504d000,0x00007f362514d000] [id=51] _threads_hazard_ptr=0x00007f35941407d0
  0x00007f3620129960 WatcherThread [stack: 0x00007f3606cb3000,0x00007f3606db3000] [id=63]
  0x00007f362003df30 GCTaskThread "GC Thread#0" [stack: 0x00007f3626af7000,0x00007f3626bf7000] [id=50]

Threads with active compile tasks:
JVMCI-native CompilerThread0  1089994 8672       4       org.eclipse.jdt.internal.core.JrtPackageFragmentRoot::hashCode (41 bytes)

VM state: synchronizing (normal execution)

VM Mutex/Monitor currently owned by a thread:  ([mutex/lock_event])
[0x00007f3620023840] Threads_lock - owner thread: 0x00007f36200a1c10
[0x00007f3620023ff0] Heap_lock - owner thread: 0x00007f359413cd60

OutOfMemory and StackOverflow Exception counts:
OutOfMemoryError java_heap_errors=4
LinkageErrors=69

Heap address: 0x00000000e0000000, size: 512 MB, Compressed Oops mode: 32-bit

CDS archive(s) mapped at: [0x0000000800000000-0x0000000800bc8000-0x0000000800bc8000), size 12353536, SharedBaseAddress: 0x0000000800000000, ArchiveRelocationMode: 0.
Compressed class space mapped at: 0x0000000800c00000-0x0000000840c00000, reserved size: 1073741824
Narrow klass base: 0x0000000800000000, Narrow klass shift: 0, Narrow klass range: 0x100000000

GC Precious Log:
 CPUs: 8 total, 1 available
 Memory: 1024M
 Large Page Support: Disabled
 NUMA Support: Disabled
 Compressed Oops: Enabled (32-bit)
 Alignments: Space 512K, Generation 512K, Heap 2M
 Heap Min Capacity: 100M
 Heap Initial Capacity: 100M
 Heap Max Capacity: 512M
 Pre-touch: Disabled
 Parallel Workers: 1

Heap:
 PSYoungGen      total 65536K, used 47103K [0x00000000f5580000, 0x00000000fae80000, 0x0000000100000000)
  eden space 47104K, 99% used [0x00000000f5580000,0x00000000f837ffe8,0x00000000f8380000)
  from space 18432K, 0% used [0x00000000f9c80000,0x00000000f9c80000,0x00000000fae80000)
  to   space 15872K, 0% used [0x00000000f8380000,0x00000000f8380000,0x00000000f9300000)
 ParOldGen       total 349696K, used 349695K [0x00000000e0000000, 0x00000000f5580000, 0x00000000f5580000)
  object space 349696K, 99% used [0x00000000e0000000,0x00000000f557ffe8,0x00000000f5580000)
 Metaspace       used 59235K, committed 60288K, reserved 1105920K
  class space    used 5944K, committed 6400K, reserved 1048576K

Card table byte_map: [0x00007f3626bf7000,0x00007f3626cf8000] _byte_map_base: 0x00007f36264f7000

Marking Bits: (ParMarkBitMap*) 0x00007f36283474c0
 Begin Bits: [0x00007f3625a4a000, 0x00007f362624a000)
 End Bits:   [0x00007f362624a000, 0x00007f3626a4a000)

Polling page: 0x00007f3626f11000

Metaspace:

Usage:
  Non-class:     52.04 MB used.
      Class:      5.80 MB used.
       Both:     57.85 MB used.

Virtual space:
  Non-class space:       56.00 MB reserved,      52.62 MB ( 94%) committed,  7 nodes.
      Class space:        1.00 GB reserved,       6.25 MB ( <1%) committed,  1 nodes.
             Both:        1.05 GB reserved,      58.88 MB (  5%) committed. 

Chunk freelists:
   Non-Class:  2.97 MB
       Class:  1.83 MB
        Both:  4.80 MB

MaxMetaspaceSize: unlimited
CompressedClassSpaceSize: 1.00 GB
Initial GC threshold: 21.00 MB
Current GC threshold: 97.94 MB
CDS: on
MetaspaceReclaimPolicy: balanced
 - commit_granule_bytes: 65536.
 - commit_granule_words: 8192.
 - virtual_space_node_default_size: 1048576.
 - enlarge_chunks_in_place: 1.
 - new_chunks_are_fully_committed: 0.
 - uncommit_free_chunks: 1.
 - use_allocation_guard: 0.
 - handle_deallocations: 1.


Internal statistics:

num_allocs_failed_limit: 6.
num_arena_births: 506.
num_arena_deaths: 156.
num_vsnodes_births: 8.
num_vsnodes_deaths: 0.
num_space_committed: 941.
num_space_uncommitted: 0.
num_chunks_returned_to_freelist: 219.
num_chunks_taken_from_freelist: 2788.
num_chunk_merges: 87.
num_chunk_splits: 1843.
num_chunks_enlarged: 1191.
num_purges: 4.
num_inconsistent_stats: 0.

CodeHeap 'non-profiled nmethods': size=120036Kb used=2496Kb max_used=2496Kb free=117539Kb
 bounds [0x00007f360ef7a000, 0x00007f360f1fa000, 0x00007f36164b3000]
CodeHeap 'profiled nmethods': size=120032Kb used=14620Kb max_used=16369Kb free=105411Kb
 bounds [0x00007f3607a42000, 0x00007f3608a52000, 0x00007f360ef7a000]
CodeHeap 'non-nmethods': size=5692Kb used=1400Kb max_used=1401Kb free=4291Kb
 bounds [0x00007f36074b3000, 0x00007f3607723000, 0x00007f3607a42000]
 total_blobs=7421 nmethods=6681 adapters=629
 compilation: enabled
              stopped_count=0, restarted_count=0
 full_count=0

JVMCI Events (20 events):
Event: 1011.060 Thread 0x00007f36200b21e0 destroyed JavaVM[8]@0x00007f35cd19e340 for JVMCI runtime 0
Event: 1011.060 Thread 0x00007f36200b21e0 compacted oop handles in JVMCI runtime 0 from 45 to 45
Event: 1011.060 Thread 0x00007f36200b21e0 releasing handles for JVMCI runtime 0: oop handles=45, metadata handles={total=89, live=78, blocks=43}
Event: 1011.060 Thread 0x00007f36200b21e0 detached from JVMCI runtime 0
Event: 1032.790 Thread 0x00007f36200b21e0 attached to JVMCI runtime 0
Event: 1032.791 Thread 0x00007f36200b21e0 created JavaVM[9]@0x00007f35cd19e340 for JVMCI runtime 0
Event: 1033.995 Thread 0x00007f36200b21e0 initializing JVMCI runtime 0
Event: 1033.995 Thread 0x00007f36200b21e0 done waiting for JavaVM references initialization in JVMCI runtime 0
Event: 1046.576 Thread 0x00007f36200b21e0 initialized JVMCI runtime 0
Event: 1058.791 Thread 0x00007f36200b21e0 detaching from JVMCI runtime 0: releasing idle compiler thread (0 other threads still attached)
Event: 1058.791 Thread 0x00007f36200b21e0 shutting down HotSpotJVMCIRuntime for JVMCI runtime 0
Event: 1060.097 Thread 0x00007f36200b21e0 shut down JVMCI runtime 0
Event: 1063.255 Thread 0x00007f36200b21e0 destroyed JavaVM[9]@0x00007f35cd19e340 for JVMCI runtime 0
Event: 1063.255 Thread 0x00007f36200b21e0 compacted oop handles in JVMCI runtime 0 from 43 to 43
Event: 1063.255 Thread 0x00007f36200b21e0 releasing handles for JVMCI runtime 0: oop handles=43, metadata handles={total=88, live=77, blocks=43}
Event: 1063.255 Thread 0x00007f36200b21e0 detached from JVMCI runtime 0
Event: 1063.255 Thread 0x00007f36200b21e0 attached to JVMCI runtime 0
Event: 1063.256 Thread 0x00007f36200b21e0 created JavaVM[10]@0x00007f35cd19e340 for JVMCI runtime 0
Event: 1063.256 Thread 0x00007f36200b21e0 initializing JVMCI runtime 0
Event: 1063.256 Thread 0x00007f36200b21e0 done waiting for JavaVM references initialization in JVMCI runtime 0

Compilation events (20 events):
Event: 1000.053 Thread 0x00007f36200b36f0 8664       3       org.eclipse.jdt.internal.compiler.impl.IrritantSet::<init> (17 bytes)
Event: 1000.053 Thread 0x00007f36200b36f0 nmethod 8664 0x00007f3608035110 code [0x00007f36080352c0, 0x00007f3608035520]
Event: 1000.053 Thread 0x00007f36200b36f0 8665       3       org.eclipse.jdt.internal.compiler.impl.IrritantSet::initialize (24 bytes)
Event: 1000.053 Thread 0x00007f36200b36f0 nmethod 8665 0x00007f3607b62c90 code [0x00007f3607b62e40, 0x00007f3607b63100]
Event: 1009.767 Thread 0x00007f36200b21e0 nmethod 8660 0x00007f360f1e9590 code [0x00007f360f1e9700, 0x00007f360f1e9860]
Event: 1009.767 Thread 0x00007f36200b21e0 8661       4       java.util.Hashtable$Enumerator::next (27 bytes)
Event: 1009.771 Thread 0x00007f36200b21e0 nmethod 8661 0x00007f360f1e9990 code [0x00007f360f1e9b00, 0x00007f360f1e9c20]
Event: 1013.490 Thread 0x00007f36200b36f0 8666   !   3       org.eclipse.jdt.internal.compiler.parser.Scanner::pushLineSeparator (295 bytes)
Event: 1013.490 Thread 0x00007f36200b36f0 nmethod 8666 0x00007f3607d88e10 code [0x00007f3607d89040, 0x00007f3607d89930]
Event: 1017.474 Thread 0x00007f36200b36f0 8668       3       java.lang.invoke.MethodHandle::<init> (37 bytes)
Event: 1017.474 Thread 0x00007f36200b36f0 nmethod 8668 0x00007f3608262e10 code [0x00007f3608263020, 0x00007f3608263510]
Event: 1017.474 Thread 0x00007f36200b36f0 8667       3       org.eclipse.jdt.internal.compiler.lookup.Scope::environment (8 bytes)
Event: 1017.474 Thread 0x00007f36200b36f0 nmethod 8667 0x00007f360839ae90 code [0x00007f360839b020, 0x00007f360839b130]
Event: 1028.998 Thread 0x00007f36200b36f0 8669       3       java.util.Spliterators$ArraySpliterator::<init> (33 bytes)
Event: 1031.485 Thread 0x00007f36200b36f0 nmethod 8669 0x00007f36081d6810 code [0x00007f36081d69c0, 0x00007f36081d6b50]
Event: 1032.790 Thread 0x00007f36200b21e0 8670       4       org.eclipse.core.runtime.Path::computeLength (98 bytes)
Event: 1050.263 Thread 0x00007f36200b21e0 nmethod 8670 0x00007f360f1e9d90 code [0x00007f360f1e9f20, 0x00007f360f1ea130]
Event: 1050.265 Thread 0x00007f36200b36f0 8671       3       java.lang.invoke.LambdaForm::prepare (112 bytes)
Event: 1050.265 Thread 0x00007f36200b36f0 nmethod 8671 0x00007f360816c510 code [0x00007f360816c740, 0x00007f360816d1d0]
Event: 1063.255 Thread 0x00007f36200b21e0 8672       4       org.eclipse.jdt.internal.core.JrtPackageFragmentRoot::hashCode (41 bytes)

GC Heap History (20 events):
Event: 1077.353 GC heap before
{Heap before GC invocations=863 (full 761):
 PSYoungGen      total 65536K, used 47103K [0x00000000f5580000, 0x00000000fae80000, 0x0000000100000000)
  eden space 47104K, 99% used [0x00000000f5580000,0x00000000f837fff8,0x00000000f8380000)
  from space 18432K, 0% used [0x00000000f9c80000,0x00000000f9c80000,0x00000000fae80000)
  to   space 15872K, 0% used [0x00000000f8380000,0x00000000f8380000,0x00000000f9300000)
 ParOldGen       total 349696K, used 349695K [0x00000000e0000000, 0x00000000f5580000, 0x00000000f5580000)
  object space 349696K, 99% used [0x00000000e0000000,0x00000000f557ffc8,0x00000000f5580000)
 Metaspace       used 59235K, committed 60288K, reserved 1105920K
  class space    used 5944K, committed 6400K, reserved 1048576K
}
Event: 1078.555 GC heap after
{Heap after GC invocations=863 (full 761):
 PSYoungGen      total 62976K, used 47103K [0x00000000f5580000, 0x00000000fae80000, 0x0000000100000000)
  eden space 47104K, 99% used [0x00000000f5580000,0x00000000f837fff8,0x00000000f8380000)
  from space 15872K, 0% used [0x00000000f8380000,0x00000000f8380000,0x00000000f9300000)
  to   space 18432K, 0% used [0x00000000f9c80000,0x00000000f9c80000,0x00000000fae80000)
 ParOldGen       total 349696K, used 349695K [0x00000000e0000000, 0x00000000f5580000, 0x00000000f5580000)
  object space 349696K, 99% used [0x00000000e0000000,0x00000000f557ffc8,0x00000000f5580000)
 Metaspace       used 59235K, committed 60288K, reserved 1105920K
  class space    used 5944K, committed 6400K, reserved 1048576K
}
Event: 1078.555 GC heap before
{Heap before GC invocations=864 (full 762):
 PSYoungGen      total 62976K, used 47103K [0x00000000f5580000, 0x00000000fae80000, 0x0000000100000000)
  eden space 47104K, 99% used [0x00000000f5580000,0x00000000f837fff8,0x00000000f8380000)
  from space 15872K, 0% used [0x00000000f8380000,0x00000000f8380000,0x00000000f9300000)
  to   space 18432K, 0% used [0x00000000f9c80000,0x00000000f9c80000,0x00000000fae80000)
 ParOldGen       total 349696K, used 349695K [0x00000000e0000000, 0x00000000f5580000, 0x00000000f5580000)
  object space 349696K, 99% used [0x00000000e0000000,0x00000000f557ffc8,0x00000000f5580000)
 Metaspace       used 59235K, committed 60288K, reserved 1105920K
  class space    used 5944K, committed 6400K, reserved 1048576K
}
Event: 1079.811 GC heap after
{Heap after GC invocations=864 (full 762):
 PSYoungGen      total 65536K, used 47103K [0x00000000f5580000, 0x00000000fae80000, 0x0000000100000000)
  eden space 47104K, 99% used [0x00000000f5580000,0x00000000f837fff8,0x00000000f8380000)
  from space 18432K, 0% used [0x00000000f9c80000,0x00000000f9c80000,0x00000000fae80000)
  to   space 15872K, 0% used [0x00000000f8380000,0x00000000f8380000,0x00000000f9300000)
 ParOldGen       total 349696K, used 349695K [0x00000000e0000000, 0x00000000f5580000, 0x00000000f5580000)
  object space 349696K, 99% used [0x00000000e0000000,0x00000000f557ffc8,0x00000000f5580000)
 Metaspace       used 59235K, committed 60288K, reserved 1105920K
  class space    used 5944K, committed 6400K, reserved 1048576K
}
Event: 1079.812 GC heap before
{Heap before GC invocations=865 (full 763):
 PSYoungGen      total 65536K, used 47103K [0x00000000f5580000, 0x00000000fae80000, 0x0000000100000000)
  eden space 47104K, 99% used [0x00000000f5580000,0x00000000f837fff8,0x00000000f8380000)
  from space 18432K, 0% used [0x00000000f9c80000,0x00000000f9c80000,0x00000000fae80000)
  to   space 15872K, 0% used [0x00000000f8380000,0x00000000f8380000,0x00000000f9300000)
 ParOldGen       total 349696K, used 349695K [0x00000000e0000000, 0x00000000f5580000, 0x00000000f5580000)
  object space 349696K, 99% used [0x00000000e0000000,0x00000000f557ffe8,0x00000000f5580000)
 Metaspace       used 59235K, committed 60288K, reserved 1105920K
  class space    used 5944K, committed 6400K, reserved 1048576K
}
Event: 1081.088 GC heap after
{Heap after GC invocations=865 (full 763):
 PSYoungGen      total 62976K, used 47103K [0x00000000f5580000, 0x00000000fae80000, 0x0000000100000000)
  eden space 47104K, 99% used [0x00000000f5580000,0x00000000f837ffd8,0x00000000f8380000)
  from space 15872K, 0% used [0x00000000f8380000,0x00000000f8380000,0x00000000f9300000)
  to   space 18432K, 0% used [0x00000000f9c80000,0x00000000f9c80000,0x00000000fae80000)
 ParOldGen       total 349696K, used 349695K [0x00000000e0000000, 0x00000000f5580000, 0x00000000f5580000)
  object space 349696K, 99% used [0x00000000e0000000,0x00000000f557fd18,0x00000000f5580000)
 Metaspace       used 59235K, committed 60288K, reserved 1105920K
  class space    used 5944K, committed 6400K, reserved 1048576K
}
Event: 1081.090 GC heap before
{Heap before GC invocations=866 (full 764):
 PSYoungGen      total 62976K, used 47104K [0x00000000f5580000, 0x00000000fae80000, 0x0000000100000000)
  eden space 47104K, 100% used [0x00000000f5580000,0x00000000f8380000,0x00000000f8380000)
  from space 15872K, 0% used [0x00000000f8380000,0x00000000f8380000,0x00000000f9300000)
  to   space 18432K, 0% used [0x00000000f9c80000,0x00000000f9c80000,0x00000000fae80000)
 ParOldGen       total 349696K, used 349695K [0x00000000e0000000, 0x00000000f5580000, 0x00000000f5580000)
  object space 349696K, 99% used [0x00000000e0000000,0x00000000f557fff8,0x00000000f5580000)
 Metaspace       used 59235K, committed 60288K, reserved 1105920K
  class space    used 5944K, committed 6400K, reserved 1048576K
}
Event: 1082.390 GC heap after
{Heap after GC invocations=866 (full 764):
 PSYoungGen      total 65536K, used 47104K [0x00000000f5580000, 0x00000000fae80000, 0x0000000100000000)
  eden space 47104K, 100% used [0x00000000f5580000,0x00000000f8380000,0x00000000f8380000)
  from space 18432K, 0% used [0x00000000f9c80000,0x00000000f9c80000,0x00000000fae80000)
  to   space 15872K, 0% used [0x00000000f8380000,0x00000000f8380000,0x00000000f9300000)
 ParOldGen       total 349696K, used 349695K [0x00000000e0000000, 0x00000000f5580000, 0x00000000f5580000)
  object space 349696K, 99% used [0x00000000e0000000,0x00000000f557ff08,0x00000000f5580000)
 Metaspace       used 59235K, committed 60288K, reserved 1105920K
  class space    used 5944K, committed 6400K, reserved 1048576K
}
Event: 1082.390 GC heap before
{Heap before GC invocations=867 (full 765):
 PSYoungGen      total 65536K, used 47104K [0x00000000f5580000, 0x00000000fae80000, 0x0000000100000000)
  eden space 47104K, 100% used [0x00000000f5580000,0x00000000f8380000,0x00000000f8380000)
  from space 18432K, 0% used [0x00000000f9c80000,0x00000000f9c80000,0x00000000fae80000)
  to   space 15872K, 0% used [0x00000000f8380000,0x00000000f8380000,0x00000000f9300000)
 ParOldGen       total 349696K, used 349695K [0x00000000e0000000, 0x00000000f5580000, 0x00000000f5580000)
  object space 349696K, 99% used [0x00000000e0000000,0x00000000f557ff70,0x00000000f5580000)
 Metaspace       used 59235K, committed 60288K, reserved 1105920K
  class space    used 5944K, committed 6400K, reserved 1048576K
}
Event: 1083.605 GC heap after
{Heap after GC invocations=867 (full 765):
 PSYoungGen      total 62976K, used 47104K [0x00000000f5580000, 0x00000000fae80000, 0x0000000100000000)
  eden space 47104K, 100% used [0x00000000f5580000,0x00000000f8380000,0x00000000f8380000)
  from space 15872K, 0% used [0x00000000f8380000,0x00000000f8380000,0x00000000f9300000)
  to   space 18432K, 0% used [0x00000000f9c80000,0x00000000f9c80000,0x00000000fae80000)
 ParOldGen       total 349696K, used 349695K [0x00000000e0000000, 0x00000000f5580000, 0x00000000f5580000)
  object space 349696K, 99% used [0x00000000e0000000,0x00000000f557ff00,0x00000000f5580000)
 Metaspace       used 59235K, committed 60288K, reserved 1105920K
  class space    used 5944K, committed 6400K, reserved 1048576K
}
Event: 1083.605 GC heap before
{Heap before GC invocations=868 (full 766):
 PSYoungGen      total 62976K, used 47104K [0x00000000f5580000, 0x00000000fae80000, 0x0000000100000000)
  eden space 47104K, 100% used [0x00000000f5580000,0x00000000f8380000,0x00000000f8380000)
  from space 15872K, 0% used [0x00000000f8380000,0x00000000f8380000,0x00000000f9300000)
  to   space 18432K, 0% used [0x00000000f9c80000,0x00000000f9c80000,0x00000000fae80000)
 ParOldGen       total 349696K, used 349695K [0x00000000e0000000, 0x00000000f5580000, 0x00000000f5580000)
  object space 349696K, 99% used [0x00000000e0000000,0x00000000f557fff8,0x00000000f5580000)
 Metaspace       used 59235K, committed 60288K, reserved 1105920K
  class space    used 5944K, committed 6400K, reserved 1048576K
}
Event: 1084.971 GC heap after
{Heap after GC invocations=868 (full 766):
 PSYoungGen      total 65536K, used 47104K [0x00000000f5580000, 0x00000000fae80000, 0x0000000100000000)
  eden space 47104K, 100% used [0x00000000f5580000,0x00000000f8380000,0x00000000f8380000)
  from space 18432K, 0% used [0x00000000f9c80000,0x00000000f9c80000,0x00000000fae80000)
  to   space 15872K, 0% used [0x00000000f8380000,0x00000000f8380000,0x00000000f9300000)
 ParOldGen       total 349696K, used 349695K [0x00000000e0000000, 0x00000000f5580000, 0x00000000f5580000)
  object space 349696K, 99% used [0x00000000e0000000,0x00000000f557ff08,0x00000000f5580000)
 Metaspace       used 59235K, committed 60288K, reserved 1105920K
  class space    used 5944K, committed 6400K, reserved 1048576K
}
Event: 1084.971 GC heap before
{Heap before GC invocations=869 (full 767):
 PSYoungGen      total 65536K, used 47104K [0x00000000f5580000, 0x00000000fae80000, 0x0000000100000000)
  eden space 47104K, 100% used [0x00000000f5580000,0x00000000f8380000,0x00000000f8380000)
  from space 18432K, 0% used [0x00000000f9c80000,0x00000000f9c80000,0x00000000fae80000)
  to   space 15872K, 0% used [0x00000000f8380000,0x00000000f8380000,0x00000000f9300000)
 ParOldGen       total 349696K, used 349695K [0x00000000e0000000, 0x00000000f5580000, 0x00000000f5580000)
  object space 349696K, 99% used [0x00000000e0000000,0x00000000f557ffe8,0x00000000f5580000)
 Metaspace       used 59235K, committed 60288K, reserved 1105920K
  class space    used 5944K, committed 6400K, reserved 1048576K
}
Event: 1086.154 GC heap after
{Heap after GC invocations=869 (full 767):
 PSYoungGen      total 62976K, used 47103K [0x00000000f5580000, 0x00000000fae80000, 0x0000000100000000)
  eden space 47104K, 99% used [0x00000000f5580000,0x00000000f837ffd0,0x00000000f8380000)
  from space 15872K, 0% used [0x00000000f8380000,0x00000000f8380000,0x00000000f9300000)
  to   space 18432K, 0% used [0x00000000f9c80000,0x00000000f9c80000,0x00000000fae80000)
 ParOldGen       total 349696K, used 349695K [0x00000000e0000000, 0x00000000f5580000, 0x00000000f5580000)
  object space 349696K, 99% used [0x00000000e0000000,0x00000000f557ffe8,0x00000000f5580000)
 Metaspace       used 59235K, committed 60288K, reserved 1105920K
  class space    used 5944K, committed 6400K, reserved 1048576K
}
Event: 1086.154 GC heap before
{Heap before GC invocations=870 (full 768):
 PSYoungGen      total 62976K, used 47103K [0x00000000f5580000, 0x00000000fae80000, 0x0000000100000000)
  eden space 47104K, 99% used [0x00000000f5580000,0x00000000f837ffd0,0x00000000f8380000)
  from space 15872K, 0% used [0x00000000f8380000,0x00000000f8380000,0x00000000f9300000)
  to   space 18432K, 0% used [0x00000000f9c80000,0x00000000f9c80000,0x00000000fae80000)
 ParOldGen       total 349696K, used 349695K [0x00000000e0000000, 0x00000000f5580000, 0x00000000f5580000)
  object space 349696K, 99% used [0x00000000e0000000,0x00000000f557ffe8,0x00000000f5580000)
 Metaspace       used 59235K, committed 60288K, reserved 1105920K
  class space    used 5944K, committed 6400K, reserved 1048576K
}
Event: 1087.408 GC heap after
{Heap after GC invocations=870 (full 768):
 PSYoungGen      total 65536K, used 47103K [0x00000000f5580000, 0x00000000fae80000, 0x0000000100000000)
  eden space 47104K, 99% used [0x00000000f5580000,0x00000000f837ffd0,0x00000000f8380000)
  from space 18432K, 0% used [0x00000000f9c80000,0x00000000f9c80000,0x00000000fae80000)
  to   space 15872K, 0% used [0x00000000f8380000,0x00000000f8380000,0x00000000f9300000)
 ParOldGen       total 349696K, used 349695K [0x00000000e0000000, 0x00000000f5580000, 0x00000000f5580000)
  object space 349696K, 99% used [0x00000000e0000000,0x00000000f557ffe8,0x00000000f5580000)
 Metaspace       used 59235K, committed 60288K, reserved 1105920K
  class space    used 5944K, committed 6400K, reserved 1048576K
}
Event: 1087.453 GC heap before
{Heap before GC invocations=871 (full 769):
 PSYoungGen      total 65536K, used 47103K [0x00000000f5580000, 0x00000000fae80000, 0x0000000100000000)
  eden space 47104K, 99% used [0x00000000f5580000,0x00000000f837ffe8,0x00000000f8380000)
  from space 18432K, 0% used [0x00000000f9c80000,0x00000000f9c80000,0x00000000fae80000)
  to   space 15872K, 0% used [0x00000000f8380000,0x00000000f8380000,0x00000000f9300000)
 ParOldGen       total 349696K, used 349695K [0x00000000e0000000, 0x00000000f5580000, 0x00000000f5580000)
  object space 349696K, 99% used [0x00000000e0000000,0x00000000f557ffe8,0x00000000f5580000)
 Metaspace       used 59235K, committed 60288K, reserved 1105920K
  class space    used 5944K, committed 6400K, reserved 1048576K
}
Event: 1088.599 GC heap after
{Heap after GC invocations=871 (full 769):
 PSYoungGen      total 62976K, used 47103K [0x00000000f5580000, 0x00000000fae80000, 0x0000000100000000)
  eden space 47104K, 99% used [0x00000000f5580000,0x00000000f837ffe8,0x00000000f8380000)
  from space 15872K, 0% used [0x00000000f8380000,0x00000000f8380000,0x00000000f9300000)
  to   space 18432K, 0% used [0x00000000f9c80000,0x00000000f9c80000,0x00000000fae80000)
 ParOldGen       total 349696K, used 349695K [0x00000000e0000000, 0x00000000f5580000, 0x00000000f5580000)
  object space 349696K, 99% used [0x00000000e0000000,0x00000000f557ffe8,0x00000000f5580000)
 Metaspace       used 59235K, committed 60288K, reserved 1105920K
  class space    used 5944K, committed 6400K, reserved 1048576K
}
Event: 1088.599 GC heap before
{Heap before GC invocations=872 (full 770):
 PSYoungGen      total 62976K, used 47103K [0x00000000f5580000, 0x00000000fae80000, 0x0000000100000000)
  eden space 47104K, 99% used [0x00000000f5580000,0x00000000f837ffe8,0x00000000f8380000)
  from space 15872K, 0% used [0x00000000f8380000,0x00000000f8380000,0x00000000f9300000)
  to   space 18432K, 0% used [0x00000000f9c80000,0x00000000f9c80000,0x00000000fae80000)
 ParOldGen       total 349696K, used 349695K [0x00000000e0000000, 0x00000000f5580000, 0x00000000f5580000)
  object space 349696K, 99% used [0x00000000e0000000,0x00000000f557ffe8,0x00000000f5580000)
 Metaspace       used 59235K, committed 60288K, reserved 1105920K
  class space    used 5944K, committed 6400K, reserved 1048576K
}
Event: 1089.901 GC heap after
{Heap after GC invocations=872 (full 770):
 PSYoungGen      total 65536K, used 47103K [0x00000000f5580000, 0x00000000fae80000, 0x0000000100000000)
  eden space 47104K, 99% used [0x00000000f5580000,0x00000000f837ffe8,0x00000000f8380000)
  from space 18432K, 0% used [0x00000000f9c80000,0x00000000f9c80000,0x00000000fae80000)
  to   space 15872K, 0% used [0x00000000f8380000,0x00000000f8380000,0x00000000f9300000)
 ParOldGen       total 349696K, used 349695K [0x00000000e0000000, 0x00000000f5580000, 0x00000000f5580000)
  object space 349696K, 99% used [0x00000000e0000000,0x00000000f557ffe8,0x00000000f5580000)
 Metaspace       used 59235K, committed 60288K, reserved 1105920K
  class space    used 5944K, committed 6400K, reserved 1048576K
}

Dll operation events (9 events):
Event: 0.002 Loaded shared library /nix/store/gpxl5qgg8kicmcvivwmybwjlpf7wh20l-graalvm17-ce-22.3.0/lib/libjava.so
Event: 0.008 Loaded shared library /nix/store/gpxl5qgg8kicmcvivwmybwjlpf7wh20l-graalvm17-ce-22.3.0/lib/libjsvml.so
Event: 0.254 Loaded shared library /nix/store/gpxl5qgg8kicmcvivwmybwjlpf7wh20l-graalvm17-ce-22.3.0/lib/libnio.so
Event: 0.257 Loaded shared library /nix/store/gpxl5qgg8kicmcvivwmybwjlpf7wh20l-graalvm17-ce-22.3.0/lib/libzip.so
Event: 0.259 Loaded shared library /nix/store/gpxl5qgg8kicmcvivwmybwjlpf7wh20l-graalvm17-ce-22.3.0/lib/libjvmcicompiler.so
Event: 0.562 Loaded shared library /nix/store/gpxl5qgg8kicmcvivwmybwjlpf7wh20l-graalvm17-ce-22.3.0/lib/libjimage.so
Event: 0.965 Loaded shared library /nix/store/gpxl5qgg8kicmcvivwmybwjlpf7wh20l-graalvm17-ce-22.3.0/lib/libnet.so
Event: 3.664 Loaded shared library /home/runner/.cache/jdt-language-server/config/org.eclipse.equinox.launcher/org.eclipse.equinox.launcher.gtk.linux.x86_64_1.2.400.v20211117-0650/eclipse_11600.so
Event: 11.154 Loaded shared library /nix/store/gpxl5qgg8kicmcvivwmybwjlpf7wh20l-graalvm17-ce-22.3.0/lib/libextnet.so

Deoptimization events (20 events):
Event: 539.776 Thread 0x00007f36200b21e0 DEOPT PACKING pc=0x00007f36086d5cba sp=0x00007f36074b0ef0
Event: 539.776 Thread 0x00007f36200b21e0 DEOPT UNPACKING pc=0x00007f3607505325 sp=0x00007f36074b0458 mode 0
Event: 781.576 Thread 0x00007f359413cd60 Uncommon trap: trap_request=0xffffffed fr.pc=0x00007f360f1a1788 relative=0x0000000000000508
Event: 781.576 Thread 0x00007f359413cd60 Uncommon trap: reason=null_assert_or_unreached0 action=reinterpret pc=0x00007f360f1a1788 method=org.eclipse.jdt.core.Signature.appendClassTypeSignature([CIZLjava/lang/StringBuffer;)I @ 0 jvmci
Event: 781.576 Thread 0x00007f359413cd60 DEOPT PACKING pc=0x00007f360f1a1788 sp=0x00007f35cddfde20
Event: 781.576 Thread 0x00007f359413cd60 DEOPT UNPACKING pc=0x00007f3607505325 sp=0x00007f35cddfd298 mode 3
Event: 844.808 Thread 0x00007f359413cd60 DEOPT PACKING pc=0x00007f360f0acc84 sp=0x00007f35cddfd8c0
Event: 844.808 Thread 0x00007f359413cd60 DEOPT UNPACKING pc=0x00007f3607505325 sp=0x00007f35cddfcd58 mode 1
Event: 1014.881 Thread 0x00007f359405ddb0 Uncommon trap: trap_request=0xffffffed fr.pc=0x00007f360f0d216b relative=0x00000000000004cb
Event: 1014.881 Thread 0x00007f359405ddb0 Uncommon trap: reason=null_assert_or_unreached0 action=reinterpret pc=0x00007f360f0d216b method=org.eclipse.jdt.internal.compiler.lookup.PackageBinding.getType0([C)Lorg/eclipse/jdt/internal/compiler/lookup/ReferenceBinding; @ 0 jvmci
Event: 1014.881 Thread 0x00007f359405ddb0 DEOPT PACKING pc=0x00007f360f0d216b sp=0x00007f35ce9fdfd0
Event: 1014.881 Thread 0x00007f359405ddb0 DEOPT UNPACKING pc=0x00007f3607505325 sp=0x00007f35ce9fd4b8 mode 3
Event: 1079.812 Thread 0x00007f359405ddb0 Uncommon trap: trap_request=0xffffff8f fr.pc=0x00007f360efa5ecd relative=0x000000000000066d
Event: 1079.812 Thread 0x00007f359405ddb0 Uncommon trap: reason=constraint action=none pc=0x00007f360efa5ecd method=java.util.HashMap.resize()[Ljava/util/HashMap$Node; @ 131 jvmci
Event: 1079.812 Thread 0x00007f359405ddb0 DEOPT PACKING pc=0x00007f360efa5ecd sp=0x00007f35ce9fdf40
Event: 1079.812 Thread 0x00007f359405ddb0 DEOPT UNPACKING pc=0x00007f3607505325 sp=0x00007f35ce9fd398 mode 3
Event: 1087.408 Thread 0x00007f35b8485a60 Uncommon trap: trap_request=0xffffff8f fr.pc=0x00007f360f1dc125 relative=0x00000000000011e5
Event: 1087.408 Thread 0x00007f35b8485a60 Uncommon trap: reason=constraint action=none pc=0x00007f360f1dc125 method=org.eclipse.jdt.internal.core.index.DiskIndex.copyQueryResults(Lorg/eclipse/jdt/internal/compiler/util/HashtableOfObject;I)V @ 123 jvmci
Event: 1087.408 Thread 0x00007f35b8485a60 DEOPT PACKING pc=0x00007f360f1dc125 sp=0x00007f35ce5fe530
Event: 1087.408 Thread 0x00007f35b8485a60 DEOPT UNPACKING pc=0x00007f3607505325 sp=0x00007f35ce5fda28 mode 3

Classes unloaded (20 events):
Event: 62.380 Thread 0x00007f36200a1c10 Unloading class 0x0000000800ee8000 'jdk/internal/reflect/GeneratedConstructorAccessor8'
Event: 62.380 Thread 0x00007f36200a1c10 Unloading class 0x0000000800d99000 'java/lang/invoke/LambdaForm$MH+0x0000000800d99000'
Event: 62.380 Thread 0x00007f36200a1c10 Unloading class 0x0000000800d98c00 'java/lang/invoke/LambdaForm$MH+0x0000000800d98c00'
Event: 62.380 Thread 0x00007f36200a1c10 Unloading class 0x0000000800d98800 'java/lang/invoke/LambdaForm$MH+0x0000000800d98800'
Event: 62.380 Thread 0x00007f36200a1c10 Unloading class 0x0000000800d98400 'java/lang/invoke/LambdaForm$MH+0x0000000800d98400'
Event: 62.380 Thread 0x00007f36200a1c10 Unloading class 0x0000000800d98000 'jdk/internal/reflect/GeneratedConstructorAccessor3'
Event: 62.380 Thread 0x00007f36200a1c10 Unloading class 0x0000000800d06800 'java/lang/invoke/LambdaForm$MH+0x0000000800d06800'
Event: 62.380 Thread 0x00007f36200a1c10 Unloading class 0x0000000800d06000 'java/lang/invoke/LambdaForm$MH+0x0000000800d06000'
Event: 62.380 Thread 0x00007f36200a1c10 Unloading class 0x0000000800d05c00 'java/lang/invoke/LambdaForm$MH+0x0000000800d05c00'
Event: 62.380 Thread 0x00007f36200a1c10 Unloading class 0x0000000800d05800 'java/lang/invoke/LambdaForm$MH+0x0000000800d05800'
Event: 62.380 Thread 0x00007f36200a1c10 Unloading class 0x0000000800d05000 'java/lang/invoke/LambdaForm$MH+0x0000000800d05000'
Event: 62.380 Thread 0x00007f36200a1c10 Unloading class 0x0000000800d04c00 'java/lang/invoke/LambdaForm$MH+0x0000000800d04c00'
Event: 62.380 Thread 0x00007f36200a1c10 Unloading class 0x0000000800d04800 'java/lang/invoke/LambdaForm$MH+0x0000000800d04800'
Event: 62.380 Thread 0x00007f36200a1c10 Unloading class 0x0000000800d04000 'java/lang/invoke/LambdaForm$MH+0x0000000800d04000'
Event: 62.380 Thread 0x00007f36200a1c10 Unloading class 0x0000000800c1d000 'jdk/internal/reflect/GeneratedMethodAccessor5'
Event: 62.380 Thread 0x00007f36200a1c10 Unloading class 0x0000000800c1cc00 'jdk/internal/reflect/GeneratedMethodAccessor4'
Event: 62.380 Thread 0x00007f36200a1c10 Unloading class 0x0000000800c1c800 'jdk/internal/reflect/GeneratedMethodAccessor3'
Event: 62.380 Thread 0x00007f36200a1c10 Unloading class 0x0000000800c1c400 'jdk/internal/reflect/GeneratedMethodAccessor2'
Event: 62.380 Thread 0x00007f36200a1c10 Unloading class 0x0000000800c1c000 'jdk/internal/reflect/GeneratedMethodAccessor1'
Event: 62.380 Thread 0x00007f36200a1c10 Unloading class 0x0000000800c01c00 'java/lang/invoke/LambdaForm$DMH+0x0000000800c01c00'

Classes redefined (0 events):
No events

Internal exceptions (20 events):
Event: 33.859 Thread 0x00007f35b83030e0 Exception <a 'java/lang/NoSuchMethodError'{0x00000000f5d86330}: 'java.lang.Object java.lang.invoke.DirectMethodHandle$Holder.invokeSpecial(java.lang.Object, java.lang.Object, java.lang.Object, int, java.lang.Object, java.lang.Object)'> (0x00000000f5d86330) 
thrown [src/hotspot/share/interpreter/linkResolver.cpp, line 758]
Event: 33.874 Thread 0x00007f35b83030e0 Implicit null exception at 0x00007f360f1460b0 to 0x00007f360f146306
Event: 33.980 Thread 0x00007f35b83030e0 Exception <a 'java/lang/NoSuchMethodError'{0x00000000f5fa3080}: 'java.lang.Object java.lang.invoke.DirectMethodHandle$Holder.newInvokeSpecial(java.lang.Object, java.lang.Object, java.lang.Object, int, java.lang.Object)'> (0x00000000f5fa3080) 
thrown [src/hotspot/share/interpreter/linkResolver.cpp, line 758]
Event: 33.981 Thread 0x00007f35b83030e0 Exception <a 'java/lang/NoSuchMethodError'{0x00000000f5fa7230}: 'java.lang.Object java.lang.invoke.DirectMethodHandle$Holder.invokeSpecial(java.lang.Object, java.lang.Object, java.lang.Object, java.lang.Object, int, java.lang.Object)'> (0x00000000f5fa7230) 
thrown [src/hotspot/share/interpreter/linkResolver.cpp, line 758]
Event: 33.981 Thread 0x00007f35b83030e0 Exception <a 'java/lang/NoSuchMethodError'{0x00000000f5faad18}: 'java.lang.Object java.lang.invoke.Invokers$Holder.linkToTargetMethod(java.lang.Object, java.lang.Object, int, java.lang.Object, java.lang.Object)'> (0x00000000f5faad18) 
thrown [src/hotspot/share/interpreter/linkResolver.cpp, line 758]
Event: 36.271 Thread 0x00007f3588000ff0 Implicit null exception at 0x00007f360f0d84e9 to 0x00007f360f0d869b
Event: 40.552 Thread 0x00007f359413c400 Exception <a 'java/lang/NoSuchMethodError'{0x00000000f5f62be8}: 'java.lang.Object java.lang.invoke.DirectMethodHandle$Holder.invokeStatic(java.lang.Object, int, java.lang.Object, java.lang.Object, java.lang.Object, java.lang.Object)'> (0x00000000f5f62be8) 
thrown [src/hotspot/share/interpreter/linkResolver.cpp, line 758]
Event: 40.561 Thread 0x00007f359413c400 Exception <a 'java/lang/NoSuchMethodError'{0x00000000f5f84a10}: 'java.lang.Object java.lang.invoke.DirectMethodHandle$Holder.newInvokeSpecial(java.lang.Object, int, java.lang.Object, java.lang.Object, java.lang.Object)'> (0x00000000f5f84a10) 
thrown [src/hotspot/share/interpreter/linkResolver.cpp, line 758]
Event: 40.563 Thread 0x00007f359413c400 Exception <a 'java/lang/NoSuchMethodError'{0x00000000f5f9db50}: 'java.lang.Object java.lang.invoke.DirectMethodHandle$Holder.invokeSpecial(java.lang.Object, java.lang.Object, int, java.lang.Object, java.lang.Object, java.lang.Object)'> (0x00000000f5f9db50) 
thrown [src/hotspot/share/interpreter/linkResolver.cpp, line 758]
Event: 40.564 Thread 0x00007f359413c400 Exception <a 'java/lang/NoSuchMethodError'{0x00000000f5fa9c88}: 'java.lang.Object java.lang.invoke.Invokers$Holder.linkToTargetMethod(int, java.lang.Object, java.lang.Object, java.lang.Object, java.lang.Object)'> (0x00000000f5fa9c88) 
thrown [src/hotspot/share/interpreter/linkResolver.cpp, line 758]
Event: 41.081 Thread 0x00007f359413eca0 Exception <a 'java/lang/NoSuchMethodError'{0x00000000f5c97888}: 'void java.lang.invoke.DirectMethodHandle$Holder.invokeSpecial(java.lang.Object, java.lang.Object, int)'> (0x00000000f5c97888) 
thrown [src/hotspot/share/interpreter/linkResolver.cpp, line 758]
Event: 41.767 Thread 0x00007f359413c400 Exception <a 'java/lang/NoSuchMethodError'{0x00000000f5d62b90}: 'int java.lang.invoke.DirectMethodHandle$Holder.invokeStatic(java.lang.Object, int, int, java.lang.Object)'> (0x00000000f5d62b90) 
thrown [src/hotspot/share/interpreter/linkResolver.cpp, line 758]
Event: 41.860 Thread 0x00007f359413dba0 Exception <a 'java/lang/NoSuchMethodError'{0x00000000f605f6d0}: 'int java.lang.invoke.DirectMethodHandle$Holder.invokeSpecialIFC(java.lang.Object, java.lang.Object, java.lang.Object, java.lang.Object)'> (0x00000000f605f6d0) 
thrown [src/hotspot/share/interpreter/linkResolver.cpp, line 758]
Event: 844.808 Thread 0x00007f359413cd60 Exception <a 'java/lang/OutOfMemoryError'{0x00000000e00043f0}> (0x00000000e00043f0) 
thrown [src/hotspot/share/gc/shared/memAllocator.cpp, line 136]
Event: 1014.881 Thread 0x00007f359405ddb0 Implicit null exception at 0x00007f360f0d1cd7 to 0x00007f360f0d2150
Event: 1079.812 Thread 0x00007f359405ddb0 Exception <a 'java/lang/OutOfMemoryError'{0x00000000e0004990}> (0x00000000e0004990) 
thrown [src/hotspot/share/gc/shared/memAllocator.cpp, line 138]
Event: 1079.812 Thread 0x00007f359405ddb0 Implicit null exception at 0x00007f360efa5d5c to 0x00007f360efa5eb2
Event: 1087.408 Thread 0x00007f35b8485a60 Exception <a 'java/lang/OutOfMemoryError'{0x00000000e00046c0}> (0x00000000e00046c0) 
thrown [src/hotspot/share/gc/shared/memAllocator.cpp, line 138]
Event: 1087.408 Thread 0x00007f35b8485a60 Implicit null exception at 0x00007f360f1dbb8e to 0x00007f360f1dc10a
Event: 1089.901 Thread 0x00007f36200b21e0 Exception <a 'java/lang/OutOfMemoryError'{0x00000000e00049e0}> (0x00000000e00049e0) 
thrown [src/hotspot/share/gc/shared/memAllocator.cpp, line 136]

VM Operations (20 events):
Event: 1074.793 Executing VM operation: ParallelGCFailedAllocation done
Event: 1074.795 Executing VM operation: ParallelGCFailedAllocation
Event: 1075.987 Executing VM operation: ParallelGCFailedAllocation done
Event: 1075.987 Executing VM operation: ParallelGCFailedAllocation
Event: 1077.351 Executing VM operation: ParallelGCFailedAllocation done
Event: 1077.351 Executing VM operation: ParallelGCFailedAllocation
Event: 1079.811 Executing VM operation: ParallelGCFailedAllocation done
Event: 1079.812 Executing VM operation: ParallelGCFailedAllocation
Event: 1081.088 Executing VM operation: ParallelGCFailedAllocation done
Event: 1081.089 Executing VM operation: ParallelGCFailedAllocation
Event: 1082.390 Executing VM operation: ParallelGCFailedAllocation done
Event: 1082.390 Executing VM operation: ParallelGCFailedAllocation
Event: 1083.605 Executing VM operation: ParallelGCFailedAllocation done
Event: 1083.605 Executing VM operation: ParallelGCFailedAllocation
Event: 1084.971 Executing VM operation: ParallelGCFailedAllocation done
Event: 1084.971 Executing VM operation: ParallelGCFailedAllocation
Event: 1087.408 Executing VM operation: ParallelGCFailedAllocation done
Event: 1087.453 Executing VM operation: ParallelGCFailedAllocation
Event: 1089.901 Executing VM operation: ParallelGCFailedAllocation done
Event: 1089.901 Executing VM operation: ParallelGCFailedAllocation

Events (20 events):
Event: 797.406 Thread 0x00007f3594140130 Thread added: 0x00007f3594140130
Event: 797.406 Protecting memory [0x00007f35cec00000,0x00007f35cec04000] with protection modes 0
Event: 890.457 loading class java/util/logging/LogRecord
Event: 890.457 loading class java/util/logging/LogRecord done
Event: 892.954 loading class java/util/logging/ConsoleHandler
Event: 892.954 loading class java/util/logging/StreamHandler
Event: 892.954 loading class java/util/logging/StreamHandler done
Event: 892.954 loading class java/util/logging/ConsoleHandler done
Event: 936.083 loading class java/util/logging/SimpleFormatter
Event: 936.083 loading class java/util/logging/Formatter
Event: 936.083 loading class java/util/logging/Formatter done
Event: 936.083 loading class java/util/logging/SimpleFormatter done
Event: 940.072 loading class jdk/internal/logger/SurrogateLogger
Event: 940.072 loading class jdk/internal/logger/SimpleConsoleLogger
Event: 941.486 loading class jdk/internal/logger/SimpleConsoleLogger done
Event: 941.486 loading class jdk/internal/logger/SurrogateLogger done
Event: 951.802 loading class jdk/internal/logger/SimpleConsoleLogger$Formatting
Event: 970.861 loading class jdk/internal/logger/SimpleConsoleLogger$Formatting done
Event: 970.861 loading class java/util/logging/ErrorManager
Event: 1001.497 loading class java/util/logging/ErrorManager done


Dynamic libraries:
e0000000-f4100000 rw-p 00000000 00:00 0 
f4100000-fae80000 rw-p 00000000 00:00 0 
fae80000-100000000 ---p 00000000 00:00 0 
800000000-800449000 rw-p 00001000 00:a43 4611686019135357769             /nix/store/gpxl5qgg8kicmcvivwmybwjlpf7wh20l-graalvm17-ce-22.3.0/lib/server/classes.jsa
800449000-800bc8000 r--p 0044a000 00:a43 4611686019135357769             /nix/store/gpxl5qgg8kicmcvivwmybwjlpf7wh20l-graalvm17-ce-22.3.0/lib/server/classes.jsa
800bc8000-800c00000 ---p 00000000 00:00 0 
800c00000-800c10000 rw-p 00000000 00:00 0 
800c10000-800c30000 rw-p 00000000 00:00 0 
800c30000-800cb0000 rw-p 00000000 00:00 0 
800cb0000-800cf0000 rw-p 00000000 00:00 0 
800cf0000-800db0000 rw-p 00000000 00:00 0 
800db0000-800df0000 rw-p 00000000 00:00 0 
800df0000-800f30000 rw-p 00000000 00:00 0 
800f30000-800fb0000 rw-p 00000000 00:00 0 
800fb0000-800ff0000 rw-p 00000000 00:00 0 
800ff0000-801240000 rw-p 00000000 00:00 0 
801240000-840c00000 ---p 00000000 00:00 0 
55f5b5d75000-55f5b5d76000 r-xp 00000000 00:a43 4611686019099417844       /nix/store/gpxl5qgg8kicmcvivwmybwjlpf7wh20l-graalvm17-ce-22.3.0/bin/.java-wrapped
55f5b5d77000-55f5b5d78000 r--p 00001000 00:a43 4611686019099417844       /nix/store/gpxl5qgg8kicmcvivwmybwjlpf7wh20l-graalvm17-ce-22.3.0/bin/.java-wrapped
55f5b5d78000-55f5b5d79000 rw-p 00002000 00:a43 4611686019099417844       /nix/store/gpxl5qgg8kicmcvivwmybwjlpf7wh20l-graalvm17-ce-22.3.0/bin/.java-wrapped
55f5b5d79000-55f5b5d7a000 rw-p 00004000 00:a43 4611686019099417844       /nix/store/gpxl5qgg8kicmcvivwmybwjlpf7wh20l-graalvm17-ce-22.3.0/bin/.java-wrapped
55f5b5d7a000-55f5b5d7b000 rw-p 00005000 00:a43 4611686019099417844       /nix/store/gpxl5qgg8kicmcvivwmybwjlpf7wh20l-graalvm17-ce-22.3.0/bin/.java-wrapped
55f5b748e000-55f5b74d6000 rw-p 00000000 00:00 0                          [heap]
7f3550000000-7f35500ac000 rw-p 00000000 00:00 0 
7f35500ac000-7f3554000000 ---p 00000000 00:00 0 
7f3554000000-7f355410a000 rw-p 00000000 00:00 0 
7f355410a000-7f3558000000 ---p 00000000 00:00 0 
7f3558000000-7f35580eb000 rw-p 00000000 00:00 0 
7f35580eb000-7f355c000000 ---p 00000000 00:00 0 
7f355c000000-7f355c06b000 rw-p 00000000 00:00 0 
7f355c06b000-7f3560000000 ---p 00000000 00:00 0 
7f3560000000-7f3560021000 rw-p 00000000 00:00 0 
7f3560021000-7f3564000000 ---p 00000000 00:00 0 
7f3564000000-7f3564021000 rw-p 00000000 00:00 0 
7f3564021000-7f3568000000 ---p 00000000 00:00 0 
7f3568000000-7f3568021000 rw-p 00000000 00:00 0 
7f3568021000-7f356c000000 ---p 00000000 00:00 0 
7f356c000000-7f356c021000 rw-p 00000000 00:00 0 
7f356c021000-7f3570000000 ---p 00000000 00:00 0 
7f3570000000-7f3570021000 rw-p 00000000 00:00 0 
7f3570021000-7f3574000000 ---p 00000000 00:00 0 
7f35764b3000-7f3580000000 r--s 00000000 00:a43 4611686019135192581       /nix/store/gpxl5qgg8kicmcvivwmybwjlpf7wh20l-graalvm17-ce-22.3.0/lib/modules
7f3580000000-7f3580021000 rw-p 00000000 00:00 0 
7f3580021000-7f3584000000 ---p 00000000 00:00 0 
7f3586400000-7f3586920000 rw-p 00000000 00:00 0 
7f3586920000-7f3586c00000 ---p 00000000 00:00 0 
7f3586c00000-7f3586ef0000 rw-p 00000000 00:00 0 
7f3586ef0000-7f3586f80000 rw-p 00000000 00:00 0 
7f3586f80000-7f3587000000 ---p 00000000 00:00 0 
7f3587000000-7f35873f0000 rw-p 00000000 00:00 0 
7f35873f0000-7f3587400000 rw-p 00000000 00:00 0 
7f3588000000-7f3588116000 rw-p 00000000 00:00 0 
7f3588116000-7f358c000000 ---p 00000000 00:00 0 
7f358c000000-7f358c61f000 rw-p 00000000 00:00 0 
7f358c61f000-7f3590000000 ---p 00000000 00:00 0 
7f3590000000-7f3590021000 rw-p 00000000 00:00 0 
7f3590021000-7f3594000000 ---p 00000000 00:00 0 
7f3594000000-7f35941b5000 rw-p 00000000 00:00 0 
7f35941b5000-7f3598000000 ---p 00000000 00:00 0 
7f3598000000-7f3598061000 rw-p 00000000 00:00 0 
7f3598061000-7f359c000000 ---p 00000000 00:00 0 
7f359c000000-7f359c021000 rw-p 00000000 00:00 0 
7f359c021000-7f35a0000000 ---p 00000000 00:00 0 
7f35a0000000-7f35a030e000 rw-p 00000000 00:00 0 
7f35a030e000-7f35a4000000 ---p 00000000 00:00 0 
7f35a4000000-7f35a4050000 rw-p 00000000 00:00 0 
7f35a4050000-7f35a8000000 ---p 00000000 00:00 0 
7f35a8000000-7f35a8027000 rw-p 00000000 00:00 0 
7f35a8027000-7f35ac000000 ---p 00000000 00:00 0 
7f35ac000000-7f35ac021000 rw-p 00000000 00:00 0 
7f35ac021000-7f35b0000000 ---p 00000000 00:00 0 
7f35b0000000-7f35b0021000 rw-p 00000000 00:00 0 
7f35b0021000-7f35b4000000 ---p 00000000 00:00 0 
7f35b4800000-7f35b4af0000 rw-p 00000000 00:00 0 
7f35b4af0000-7f35b4bf0000 rw-p 00000000 00:00 0 
7f35b4bf0000-7f35b4ff0000 rw-p 00000000 00:00 0 
7f35b4ff0000-7f35b5000000 rw-p 00000000 00:00 0 
7f35b5400000-7f35b54f0000 rw-p 00000000 00:00 0 
7f35b54f0000-7f35b56f0000 rw-p 00000000 00:00 0 
7f35b56f0000-7f35b58f0000 rw-p 00000000 00:00 0 
7f35b58f0000-7f35b59f0000 rw-p 00000000 00:00 0 
7f35b59f0000-7f35b5bf0000 rw-p 00000000 00:00 0 
7f35b5bf0000-7f35b5cf0000 rw-p 00000000 00:00 0 
7f35b5cf0000-7f35b5df0000 rw-p 00000000 00:00 0 
7f35b5df0000-7f35b63f0000 rw-p 00000000 00:00 0 
7f35b63f0000-7f35b64f0000 rw-p 00000000 00:00 0 
7f35b64f0000-7f35b65f0000 rw-p 00000000 00:00 0 
7f35b65f0000-7f35b68f0000 rw-p 00000000 00:00 0 
7f35b68f0000-7f35b69f0000 rw-p 00000000 00:00 0 
7f35b69f0000-7f35b6c00000 rw-p 00000000 00:00 0 
7f35b7c00000-7f35b7c10000 r-xp 00000000 00:a40 362                       /home/runner/.cache/jdt-language-server/config/org.eclipse.equinox.launcher/org.eclipse.equinox.launcher.gtk.linux.x86_64_1.2.400.v20211117-0650/eclipse_11600.so
7f35b7c10000-7f35b7e0f000 ---p 00010000 00:a40 362                       /home/runner/.cache/jdt-language-server/config/org.eclipse.equinox.launcher/org.eclipse.equinox.launcher.gtk.linux.x86_64_1.2.400.v20211117-0650/eclipse_11600.so
7f35b7e0f000-7f35b7e10000 r--p 0000f000 00:a40 362                       /home/runner/.cache/jdt-language-server/config/org.eclipse.equinox.launcher/org.eclipse.equinox.launcher.gtk.linux.x86_64_1.2.400.v20211117-0650/eclipse_11600.so
7f35b7e10000-7f35b7e11000 rw-p 00010000 00:a40 362                       /home/runner/.cache/jdt-language-server/config/org.eclipse.equinox.launcher/org.eclipse.equinox.launcher.gtk.linux.x86_64_1.2.400.v20211117-0650/eclipse_11600.so
7f35b8000000-7f35b88bd000 rw-p 00000000 00:00 0 
7f35b88bd000-7f35bc000000 ---p 00000000 00:00 0 
7f35bc000000-7f35bc026000 rw-p 00000000 00:00 0 
7f35bc026000-7f35c0000000 ---p 00000000 00:00 0 
7f35c0000000-7f35c0021000 rw-p 00000000 00:00 0 
7f35c0021000-7f35c4000000 ---p 00000000 00:00 0 
7f35c4000000-7f35c4021000 rw-p 00000000 00:00 0 
7f35c4021000-7f35c8000000 ---p 00000000 00:00 0 
7f35c8000000-7f35c8021000 rw-p 00000000 00:00 0 
7f35c8021000-7f35cc000000 ---p 00000000 00:00 0 
7f35cc500000-7f35cc600000 ---p 00000000 00:00 0 
7f35cc600000-7f35ccbaf000 r--p 01122000 00:a43 4611686019135190040       /nix/store/gpxl5qgg8kicmcvivwmybwjlpf7wh20l-graalvm17-ce-22.3.0/lib/libjvmcicompiler.so
7f35ccbaf000-7f35ccd00000 r--p 00000000 00:00 0 
7f35ccd00000-7f35ccd3d000 rw-p 00000000 00:00 0 
7f35ccd3d000-7f35cd25d000 rw-p 0185f000 00:a43 4611686019135190040       /nix/store/gpxl5qgg8kicmcvivwmybwjlpf7wh20l-graalvm17-ce-22.3.0/lib/libjvmcicompiler.so
7f35cd25d000-7f35cd644000 r--p 01d7f000 00:a43 4611686019135190040       /nix/store/gpxl5qgg8kicmcvivwmybwjlpf7wh20l-graalvm17-ce-22.3.0/lib/libjvmcicompiler.so
7f35cd700000-7f35cd704000 ---p 00000000 00:00 0 
7f35cd704000-7f35cd800000 rw-p 00000000 00:00 0 
7f35cd800000-7f35cd804000 ---p 00000000 00:00 0 
7f35cd804000-7f35cd900000 rw-p 00000000 00:00 0 
7f35cd900000-7f35cd904000 ---p 00000000 00:00 0 
7f35cd904000-7f35cda00000 rw-p 00000000 00:00 0 
7f35cdb00000-7f35cdb04000 ---p 00000000 00:00 0 
7f35cdb04000-7f35cdc00000 rw-p 00000000 00:00 0 
7f35cdc00000-7f35cdc04000 ---p 00000000 00:00 0 
7f35cdc04000-7f35cdd00000 rw-p 00000000 00:00 0 
7f35cdd00000-7f35cdd04000 ---p 00000000 00:00 0 
7f35cdd04000-7f35cde00000 rw-p 00000000 00:00 0 
7f35cde00000-7f35cde04000 ---p 00000000 00:00 0 
7f35cde04000-7f35cdf00000 rw-p 00000000 00:00 0 
7f35cdf00000-7f35cdf04000 ---p 00000000 00:00 0 
7f35cdf04000-7f35ce000000 rw-p 00000000 00:00 0 
7f35ce100000-7f35ce104000 ---p 00000000 00:00 0 
7f35ce104000-7f35ce200000 rw-p 00000000 00:00 0 
7f35ce300000-7f35ce304000 ---p 00000000 00:00 0 
7f35ce304000-7f35ce400000 rw-p 00000000 00:00 0 
7f35ce500000-7f35ce504000 ---p 00000000 00:00 0 
7f35ce504000-7f35ce600000 rw-p 00000000 00:00 0 
7f35ce600000-7f35ce604000 ---p 00000000 00:00 0 
7f35ce604000-7f35ce700000 rw-p 00000000 00:00 0 
7f35ce700000-7f35ce704000 ---p 00000000 00:00 0 
7f35ce704000-7f35ce800000 rw-p 00000000 00:00 0 
7f35ce900000-7f35ce904000 ---p 00000000 00:00 0 
7f35ce904000-7f35cea00000 rw-p 00000000 00:00 0 
7f35ceb00000-7f35ceb04000 ---p 00000000 00:00 0 
7f35ceb04000-7f35cec00000 rw-p 00000000 00:00 0 
7f35cec00000-7f35cec04000 ---p 00000000 00:00 0 
7f35cec04000-7f35ced00000 rw-p 00000000 00:00 0 
7f35ced00000-7f35ced04000 ---p 00000000 00:00 0 
7f35ced04000-7f35cee00000 rw-p 00000000 00:00 0 
7f35cfa68000-7f35cff00000 rw-p 00000000 00:00 0 
7f35d0000000-7f35d0021000 rw-p 00000000 00:00 0 
7f35d0021000-7f35d4000000 ---p 00000000 00:00 0 
7f35d4000000-7f35d4021000 rw-p 00000000 00:00 0 
7f35d4021000-7f35d8000000 ---p 00000000 00:00 0 
7f35d8000000-7f35d8071000 rw-p 00000000 00:00 0 
7f35d8071000-7f35dc000000 ---p 00000000 00:00 0 
7f35dc000000-7f35dc021000 rw-p 00000000 00:00 0 
7f35dc021000-7f35e0000000 ---p 00000000 00:00 0 
7f35e0000000-7f35e00cf000 rw-p 00000000 00:00 0 
7f35e00cf000-7f35e4000000 ---p 00000000 00:00 0 
7f35e4000000-7f35e4b35000 rw-p 00000000 00:00 0 
7f35e4b35000-7f35e8000000 ---p 00000000 00:00 0 
7f35e8000000-7f35e8021000 rw-p 00000000 00:00 0 
7f35e8021000-7f35ec000000 ---p 00000000 00:00 0 
7f35ec000000-7f35ec021000 rw-p 00000000 00:00 0 
7f35ec021000-7f35f0000000 ---p 00000000 00:00 0 
7f35f0000000-7f35f0021000 rw-p 00000000 00:00 0 
7f35f0021000-7f35f4000000 ---p 00000000 00:00 0 
7f35f4000000-7f35f4021000 rw-p 00000000 00:00 0 
7f35f4021000-7f35f8000000 ---p 00000000 00:00 0 
7f35f8000000-7f35f8021000 rw-p 00000000 00:00 0 
7f35f8021000-7f35fc000000 ---p 00000000 00:00 0 
7f35fc000000-7f35fc021000 rw-p 00000000 00:00 0 
7f35fc021000-7f3600000000 ---p 00000000 00:00 0 
7f3600000000-7f3600087000 rw-p 00000000 00:00 0 
7f3600087000-7f3604000000 ---p 00000000 00:00 0 
7f3604000000-7f3604004000 ---p 00000000 00:00 0 
7f3604004000-7f3604100000 rw-p 00000000 00:00 0 
7f3604100000-7f3604104000 ---p 00000000 00:00 0 
7f3604104000-7f3604200000 rw-p 00000000 00:00 0 
7f3604200000-7f3604204000 ---p 00000000 00:00 0 
7f3604204000-7f3604300000 rw-p 00000000 00:00 0 
7f3604300000-7f3604304000 ---p 00000000 00:00 0 
7f3604304000-7f3604400000 rw-p 00000000 00:00 0 
7f3604500000-7f3604504000 ---p 00000000 00:00 0 
7f3604504000-7f3604600000 rw-p 00000000 00:00 0 
7f3604600000-7f3604604000 ---p 00000000 00:00 0 
7f3604604000-7f3604700000 rw-p 00000000 00:00 0 
7f3604700000-7f3604704000 ---p 00000000 00:00 0 
7f3604704000-7f3604800000 rw-p 00000000 00:00 0 
7f3604800000-7f360696a000 r-xp 00000000 00:a43 4611686019135190040       /nix/store/gpxl5qgg8kicmcvivwmybwjlpf7wh20l-graalvm17-ce-22.3.0/lib/libjvmcicompiler.so
7f360696a000-7f3606b69000 ---p 0216a000 00:a43 4611686019135190040       /nix/store/gpxl5qgg8kicmcvivwmybwjlpf7wh20l-graalvm17-ce-22.3.0/lib/libjvmcicompiler.so
7f3606b69000-7f3606b6a000 r--p 02169000 00:a43 4611686019135190040       /nix/store/gpxl5qgg8kicmcvivwmybwjlpf7wh20l-graalvm17-ce-22.3.0/lib/libjvmcicompiler.so
7f3606b6a000-7f3606b6c000 rw-p 0216a000 00:a43 4611686019135190040       /nix/store/gpxl5qgg8kicmcvivwmybwjlpf7wh20l-graalvm17-ce-22.3.0/lib/libjvmcicompiler.so
7f3606b6c000-7f3606b6d000 rw-p 00000000 00:00 0 
7f3606b6d000-7f3606b72000 rw-p 023c3000 00:a43 4611686019135190040       /nix/store/gpxl5qgg8kicmcvivwmybwjlpf7wh20l-graalvm17-ce-22.3.0/lib/libjvmcicompiler.so
7f3606b8f000-7f3606b93000 ---p 00000000 00:00 0 
7f3606b93000-7f3606c8f000 rw-p 00000000 00:00 0 
7f3606c8f000-7f3606c93000 ---p 00000000 00:00 0 
7f3606c93000-7f3606cb1000 rw-p 00000000 00:00 0 
7f3606cb1000-7f3606cb2000 ---p 00000000 00:00 0 
7f3606cb2000-7f3606db3000 rw-p 00000000 00:00 0 
7f3606db3000-7f3606db7000 ---p 00000000 00:00 0 
7f3606db7000-7f3606eb3000 rw-p 00000000 00:00 0 
7f3606eb3000-7f3606eb7000 ---p 00000000 00:00 0 
7f3606eb7000-7f3606fb3000 rw-p 00000000 00:00 0 
7f3606fb3000-7f3606fb7000 ---p 00000000 00:00 0 
7f3606fb7000-7f36070b3000 rw-p 00000000 00:00 0 
7f36070b3000-7f36070b7000 ---p 00000000 00:00 0 
7f36070b7000-7f36072b3000 rw-p 00000000 00:00 0 
7f36072b3000-7f36072b7000 ---p 00000000 00:00 0 
7f36072b7000-7f36074b3000 rw-p 00000000 00:00 0 
7f36074b3000-7f3607723000 rwxp 00000000 00:00 0 
7f3607723000-7f3607a42000 ---p 00000000 00:00 0 
7f3607a42000-7f3608a52000 rwxp 00000000 00:00 0 
7f3608a52000-7f360ef7a000 ---p 00000000 00:00 0 
7f360ef7a000-7f360f1fa000 rwxp 00000000 00:00 0 
7f360f1fa000-7f36164b3000 ---p 00000000 00:00 0 
7f36164b3000-7f3620000000 r--s 00000000 00:a43 4611686019135192581       /nix/store/gpxl5qgg8kicmcvivwmybwjlpf7wh20l-graalvm17-ce-22.3.0/lib/modules
7f3620000000-7f362064a000 rw-p 00000000 00:00 0 
7f362064a000-7f3624000000 ---p 00000000 00:00 0 
7f362401a000-7f362401e000 ---p 00000000 00:00 0 
7f362401e000-7f362411a000 rw-p 00000000 00:00 0 
7f362411a000-7f362411e000 ---p 00000000 00:00 0 
7f362411e000-7f362421a000 rw-p 00000000 00:00 0 
7f362421a000-7f362421e000 ---p 00000000 00:00 0 
7f362421e000-7f362431a000 rw-p 00000000 00:00 0 
7f362431a000-7f3624600000 r--p 00000000 00:a31 28444448                  /usr/lib/locale/locale-archive
7f3624600000-7f3624604000 ---p 00000000 00:00 0 
7f3624604000-7f3624700000 rw-p 00000000 00:00 0 
7f3624700000-7f3624704000 ---p 00000000 00:00 0 
7f3624704000-7f3624bf0000 rw-p 00000000 00:00 0 
7f3624bf0000-7f3624ef0000 rw-p 00000000 00:00 0 
7f3624ef0000-7f3625000000 rw-p 00000000 00:00 0 
7f3625005000-7f3625007000 r-xp 00000000 00:a43 4611686019135190017       /nix/store/gpxl5qgg8kicmcvivwmybwjlpf7wh20l-graalvm17-ce-22.3.0/lib/libextnet.so
7f3625007000-7f3625008000 r--p 00001000 00:a43 4611686019135190017       /nix/store/gpxl5qgg8kicmcvivwmybwjlpf7wh20l-graalvm17-ce-22.3.0/lib/libextnet.so
7f3625008000-7f3625009000 rw-p 00002000 00:a43 4611686019135190017       /nix/store/gpxl5qgg8kicmcvivwmybwjlpf7wh20l-graalvm17-ce-22.3.0/lib/libextnet.so
7f3625009000-7f362500a000 rw-p 00004000 00:a43 4611686019135190017       /nix/store/gpxl5qgg8kicmcvivwmybwjlpf7wh20l-graalvm17-ce-22.3.0/lib/libextnet.so
7f362500a000-7f3625011000 r-xp 00000000 00:a43 4611686019135192580       /nix/store/gpxl5qgg8kicmcvivwmybwjlpf7wh20l-graalvm17-ce-22.3.0/lib/libzip.so
7f3625011000-7f3625012000 ---p 00007000 00:a43 4611686019135192580       /nix/store/gpxl5qgg8kicmcvivwmybwjlpf7wh20l-graalvm17-ce-22.3.0/lib/libzip.so
7f3625012000-7f3625013000 r--p 00007000 00:a43 4611686019135192580       /nix/store/gpxl5qgg8kicmcvivwmybwjlpf7wh20l-graalvm17-ce-22.3.0/lib/libzip.so
7f3625013000-7f3625014000 rw-p 00008000 00:a43 4611686019135192580       /nix/store/gpxl5qgg8kicmcvivwmybwjlpf7wh20l-graalvm17-ce-22.3.0/lib/libzip.so
7f3625014000-7f3625016000 rw-p 0000b000 00:a43 4611686019135192580       /nix/store/gpxl5qgg8kicmcvivwmybwjlpf7wh20l-graalvm17-ce-22.3.0/lib/libzip.so
7f3625016000-7f362502b000 r-xp 00000000 00:a43 4611686019135192570       /nix/store/gpxl5qgg8kicmcvivwmybwjlpf7wh20l-graalvm17-ce-22.3.0/lib/libnet.so
7f362502b000-7f362502c000 ---p 00015000 00:a43 4611686019135192570       /nix/store/gpxl5qgg8kicmcvivwmybwjlpf7wh20l-graalvm17-ce-22.3.0/lib/libnet.so
7f362502c000-7f362502d000 r--p 00015000 00:a43 4611686019135192570       /nix/store/gpxl5qgg8kicmcvivwmybwjlpf7wh20l-graalvm17-ce-22.3.0/lib/libnet.so
7f362502d000-7f362502e000 rw-p 00016000 00:a43 4611686019135192570       /nix/store/gpxl5qgg8kicmcvivwmybwjlpf7wh20l-graalvm17-ce-22.3.0/lib/libnet.so
7f362502e000-7f3625031000 rw-p 0001b000 00:a43 4611686019135192570       /nix/store/gpxl5qgg8kicmcvivwmybwjlpf7wh20l-graalvm17-ce-22.3.0/lib/libnet.so
7f3625031000-7f3625044000 r-xp 00000000 00:a43 4611686019135192571       /nix/store/gpxl5qgg8kicmcvivwmybwjlpf7wh20l-graalvm17-ce-22.3.0/lib/libnio.so
7f3625044000-7f3625045000 r--p 00012000 00:a43 4611686019135192571       /nix/store/gpxl5qgg8kicmcvivwmybwjlpf7wh20l-graalvm17-ce-22.3.0/lib/libnio.so
7f3625045000-7f3625046000 rw-p 00013000 00:a43 4611686019135192571       /nix/store/gpxl5qgg8kicmcvivwmybwjlpf7wh20l-graalvm17-ce-22.3.0/lib/libnio.so
7f3625046000-7f362504b000 rw-p 00019000 00:a43 4611686019135192571       /nix/store/gpxl5qgg8kicmcvivwmybwjlpf7wh20l-graalvm17-ce-22.3.0/lib/libnio.so
7f362504b000-7f362504c000 ---p 00000000 00:00 0 
7f362504c000-7f362514d000 rw-p 00000000 00:00 0 
7f362514d000-7f362521b000 r-xp 00000000 00:a43 4611686019135190036       /nix/store/gpxl5qgg8kicmcvivwmybwjlpf7wh20l-graalvm17-ce-22.3.0/lib/libjsvml.so
7f362521b000-7f362521c000 r--p 000cd000 00:a43 4611686019135190036       /nix/store/gpxl5qgg8kicmcvivwmybwjlpf7wh20l-graalvm17-ce-22.3.0/lib/libjsvml.so
7f362521c000-7f362521d000 rw-p 000ce000 00:a43 4611686019135190036       /nix/store/gpxl5qgg8kicmcvivwmybwjlpf7wh20l-graalvm17-ce-22.3.0/lib/libjsvml.so
7f362521d000-7f3626af5000 rw-p 00000000 00:00 0 
7f3626af5000-7f3626af6000 ---p 00000000 00:00 0 
7f3626af6000-7f3626c98000 rw-p 00000000 00:00 0 
7f3626c98000-7f3626ccf000 rw-p 00000000 00:00 0 
7f3626ccf000-7f3626cf7000 ---p 00000000 00:00 0 
7f3626cf7000-7f3626cfd000 rw-p 00000000 00:00 0 
7f3626cfd000-7f3626de3000 ---p 00000000 00:00 0 
7f3626de3000-7f3626e04000 rw-p 00000000 00:00 0 
7f3626e04000-7f3626ece000 ---p 00000000 00:00 0 
7f3626ece000-7f3626ed3000 rw-p 00000000 00:00 0 
7f3626ed3000-7f3626eda000 ---p 00000000 00:00 0 
7f3626eda000-7f3626efe000 r-xp 00000000 00:a43 4611686019135190028       /nix/store/gpxl5qgg8kicmcvivwmybwjlpf7wh20l-graalvm17-ce-22.3.0/lib/libjava.so
7f3626efe000-7f3626eff000 ---p 00024000 00:a43 4611686019135190028       /nix/store/gpxl5qgg8kicmcvivwmybwjlpf7wh20l-graalvm17-ce-22.3.0/lib/libjava.so
7f3626eff000-7f3626f00000 r--p 00024000 00:a43 4611686019135190028       /nix/store/gpxl5qgg8kicmcvivwmybwjlpf7wh20l-graalvm17-ce-22.3.0/lib/libjava.so
7f3626f00000-7f3626f01000 rw-p 00025000 00:a43 4611686019135190028       /nix/store/gpxl5qgg8kicmcvivwmybwjlpf7wh20l-graalvm17-ce-22.3.0/lib/libjava.so
7f3626f01000-7f3626f02000 rw-p 00000000 00:00 0 
7f3626f02000-7f3626f09000 rw-p 0002f000 00:a43 4611686019135190028       /nix/store/gpxl5qgg8kicmcvivwmybwjlpf7wh20l-graalvm17-ce-22.3.0/lib/libjava.so
7f3626f09000-7f3626f11000 rw-s 00000000 00:a2e 359                       /tmp/hsperfdata_runner/43
7f3626f11000-7f3626f12000 ---p 00000000 00:00 0 
7f3626f12000-7f3626f13000 r--p 00000000 00:00 0 
7f3626f13000-7f3626f14000 rwxp 00000000 00:00 0 
7f3626f14000-7f3626f2f000 r-xp 00000000 00:a43 4611686019135190032       /nix/store/gpxl5qgg8kicmcvivwmybwjlpf7wh20l-graalvm17-ce-22.3.0/lib/libjimage.so
7f3626f2f000-7f3626f30000 ---p 0001b000 00:a43 4611686019135190032       /nix/store/gpxl5qgg8kicmcvivwmybwjlpf7wh20l-graalvm17-ce-22.3.0/lib/libjimage.so
7f3626f30000-7f3626f32000 r--p 0001b000 00:a43 4611686019135190032       /nix/store/gpxl5qgg8kicmcvivwmybwjlpf7wh20l-graalvm17-ce-22.3.0/lib/libjimage.so
7f3626f32000-7f3626f33000 rw-p 0001d000 00:a43 4611686019135190032       /nix/store/gpxl5qgg8kicmcvivwmybwjlpf7wh20l-graalvm17-ce-22.3.0/lib/libjimage.so
7f3626f33000-7f3626f34000 rw-p 00024000 00:a43 4611686019135190032       /nix/store/gpxl5qgg8kicmcvivwmybwjlpf7wh20l-graalvm17-ce-22.3.0/lib/libjimage.so
7f3626f34000-7f3626f38000 ---p 00000000 00:00 0 
7f3626f38000-7f3627034000 rw-p 00000000 00:00 0 
7f3627034000-7f3627042000 r--p 00000000 00:a43 4611686019027979927       /nix/store/4nlgxhb09sdr51nc9hdm8az5b08vzkgx-glibc-2.35-163/lib/libm.so.6
7f3627042000-7f36270b5000 r-xp 0000e000 00:a43 4611686019027979927       /nix/store/4nlgxhb09sdr51nc9hdm8az5b08vzkgx-glibc-2.35-163/lib/libm.so.6
7f36270b5000-7f3627112000 r--p 00081000 00:a43 4611686019027979927       /nix/store/4nlgxhb09sdr51nc9hdm8az5b08vzkgx-glibc-2.35-163/lib/libm.so.6
7f3627112000-7f3627113000 r--p 000dd000 00:a43 4611686019027979927       /nix/store/4nlgxhb09sdr51nc9hdm8az5b08vzkgx-glibc-2.35-163/lib/libm.so.6
7f3627113000-7f3627114000 rw-p 000de000 00:a43 4611686019027979927       /nix/store/4nlgxhb09sdr51nc9hdm8az5b08vzkgx-glibc-2.35-163/lib/libm.so.6
7f3627114000-7f3627115000 r--p 00000000 00:a43 4611686019027979946       /nix/store/4nlgxhb09sdr51nc9hdm8az5b08vzkgx-glibc-2.35-163/lib/librt.so.1
7f3627115000-7f3627116000 r-xp 00001000 00:a43 4611686019027979946       /nix/store/4nlgxhb09sdr51nc9hdm8az5b08vzkgx-glibc-2.35-163/lib/librt.so.1
7f3627116000-7f3627117000 r--p 00002000 00:a43 4611686019027979946       /nix/store/4nlgxhb09sdr51nc9hdm8az5b08vzkgx-glibc-2.35-163/lib/librt.so.1
7f3627117000-7f3627118000 r--p 00002000 00:a43 4611686019027979946       /nix/store/4nlgxhb09sdr51nc9hdm8az5b08vzkgx-glibc-2.35-163/lib/librt.so.1
7f3627118000-7f3627119000 rw-p 00003000 00:a43 4611686019027979946       /nix/store/4nlgxhb09sdr51nc9hdm8az5b08vzkgx-glibc-2.35-163/lib/librt.so.1
7f3627119000-7f362822c000 r-xp 00000000 00:a43 4611686019135360866       /nix/store/gpxl5qgg8kicmcvivwmybwjlpf7wh20l-graalvm17-ce-22.3.0/lib/server/libjvm.so
7f362822c000-7f362822d000 ---p 01113000 00:a43 4611686019135360866       /nix/store/gpxl5qgg8kicmcvivwmybwjlpf7wh20l-graalvm17-ce-22.3.0/lib/server/libjvm.so
7f362822d000-7f36282e2000 r--p 01113000 00:a43 4611686019135360866       /nix/store/gpxl5qgg8kicmcvivwmybwjlpf7wh20l-graalvm17-ce-22.3.0/lib/server/libjvm.so
7f36282e2000-7f3628316000 rw-p 011c8000 00:a43 4611686019135360866       /nix/store/gpxl5qgg8kicmcvivwmybwjlpf7wh20l-graalvm17-ce-22.3.0/lib/server/libjvm.so
7f3628316000-7f3628372000 rw-p 00000000 00:00 0 
7f3628372000-7f362839a000 r--p 00000000 00:a43 4611686019027979918       /nix/store/4nlgxhb09sdr51nc9hdm8az5b08vzkgx-glibc-2.35-163/lib/libc.so.6
7f362839a000-7f3628510000 r-xp 00028000 00:a43 4611686019027979918       /nix/store/4nlgxhb09sdr51nc9hdm8az5b08vzkgx-glibc-2.35-163/lib/libc.so.6
7f3628510000-7f3628568000 r--p 0019e000 00:a43 4611686019027979918       /nix/store/4nlgxhb09sdr51nc9hdm8az5b08vzkgx-glibc-2.35-163/lib/libc.so.6
7f3628568000-7f362856c000 r--p 001f6000 00:a43 4611686019027979918       /nix/store/4nlgxhb09sdr51nc9hdm8az5b08vzkgx-glibc-2.35-163/lib/libc.so.6
7f362856c000-7f362856e000 rw-p 001fa000 00:a43 4611686019027979918       /nix/store/4nlgxhb09sdr51nc9hdm8az5b08vzkgx-glibc-2.35-163/lib/libc.so.6
7f362856e000-7f362857d000 rw-p 00000000 00:00 0 
7f362857d000-7f362857e000 r--p 00000000 00:a43 4611686019027979923       /nix/store/4nlgxhb09sdr51nc9hdm8az5b08vzkgx-glibc-2.35-163/lib/libdl.so.2
7f362857e000-7f362857f000 r-xp 00001000 00:a43 4611686019027979923       /nix/store/4nlgxhb09sdr51nc9hdm8az5b08vzkgx-glibc-2.35-163/lib/libdl.so.2
7f362857f000-7f3628580000 r--p 00002000 00:a43 4611686019027979923       /nix/store/4nlgxhb09sdr51nc9hdm8az5b08vzkgx-glibc-2.35-163/lib/libdl.so.2
7f3628580000-7f3628581000 r--p 00002000 00:a43 4611686019027979923       /nix/store/4nlgxhb09sdr51nc9hdm8az5b08vzkgx-glibc-2.35-163/lib/libdl.so.2
7f3628581000-7f3628582000 rw-p 00003000 00:a43 4611686019027979923       /nix/store/4nlgxhb09sdr51nc9hdm8az5b08vzkgx-glibc-2.35-163/lib/libdl.so.2
7f3628582000-7f3628583000 r--p 00000000 00:a43 4611686019027979942       /nix/store/4nlgxhb09sdr51nc9hdm8az5b08vzkgx-glibc-2.35-163/lib/libpthread.so.0
7f3628583000-7f3628584000 r-xp 00001000 00:a43 4611686019027979942       /nix/store/4nlgxhb09sdr51nc9hdm8az5b08vzkgx-glibc-2.35-163/lib/libpthread.so.0
7f3628584000-7f3628585000 r--p 00002000 00:a43 4611686019027979942       /nix/store/4nlgxhb09sdr51nc9hdm8az5b08vzkgx-glibc-2.35-163/lib/libpthread.so.0
7f3628585000-7f3628586000 r--p 00002000 00:a43 4611686019027979942       /nix/store/4nlgxhb09sdr51nc9hdm8az5b08vzkgx-glibc-2.35-163/lib/libpthread.so.0
7f3628586000-7f3628587000 rw-p 00003000 00:a43 4611686019027979942       /nix/store/4nlgxhb09sdr51nc9hdm8az5b08vzkgx-glibc-2.35-163/lib/libpthread.so.0
7f3628587000-7f3628595000 r-xp 00000000 00:a43 4611686019135190033       /nix/store/gpxl5qgg8kicmcvivwmybwjlpf7wh20l-graalvm17-ce-22.3.0/lib/libjli.so
7f3628595000-7f3628596000 ---p 0000e000 00:a43 4611686019135190033       /nix/store/gpxl5qgg8kicmcvivwmybwjlpf7wh20l-graalvm17-ce-22.3.0/lib/libjli.so
7f3628596000-7f3628597000 r--p 0000e000 00:a43 4611686019135190033       /nix/store/gpxl5qgg8kicmcvivwmybwjlpf7wh20l-graalvm17-ce-22.3.0/lib/libjli.so
7f3628597000-7f3628598000 rw-p 0000f000 00:a43 4611686019135190033       /nix/store/gpxl5qgg8kicmcvivwmybwjlpf7wh20l-graalvm17-ce-22.3.0/lib/libjli.so
7f3628598000-7f3628599000 rw-p 00012000 00:a43 4611686019135190033       /nix/store/gpxl5qgg8kicmcvivwmybwjlpf7wh20l-graalvm17-ce-22.3.0/lib/libjli.so
7f3628599000-7f362859c000 r--p 00000000 00:a43 4611686019106210071       /nix/store/026hln0aq1hyshaxsdvhg0kmcm6yf45r-zlib-1.2.13/lib/libz.so.1.2.13
7f362859c000-7f36285ae000 r-xp 00003000 00:a43 4611686019106210071       /nix/store/026hln0aq1hyshaxsdvhg0kmcm6yf45r-zlib-1.2.13/lib/libz.so.1.2.13
7f36285ae000-7f36285b5000 r--p 00015000 00:a43 4611686019106210071       /nix/store/026hln0aq1hyshaxsdvhg0kmcm6yf45r-zlib-1.2.13/lib/libz.so.1.2.13
7f36285b5000-7f36285b6000 r--p 0001b000 00:a43 4611686019106210071       /nix/store/026hln0aq1hyshaxsdvhg0kmcm6yf45r-zlib-1.2.13/lib/libz.so.1.2.13
7f36285b6000-7f36285b7000 rw-p 0001c000 00:a43 4611686019106210071       /nix/store/026hln0aq1hyshaxsdvhg0kmcm6yf45r-zlib-1.2.13/lib/libz.so.1.2.13
7f36285b7000-7f36285b9000 rw-p 00000000 00:00 0 
7f36285b9000-7f36285bb000 r--p 00000000 00:a43 4611686019027979912       /nix/store/4nlgxhb09sdr51nc9hdm8az5b08vzkgx-glibc-2.35-163/lib/ld-linux-x86-64.so.2
7f36285bb000-7f36285e2000 r-xp 00002000 00:a43 4611686019027979912       /nix/store/4nlgxhb09sdr51nc9hdm8az5b08vzkgx-glibc-2.35-163/lib/ld-linux-x86-64.so.2
7f36285e2000-7f36285ee000 r--p 00029000 00:a43 4611686019027979912       /nix/store/4nlgxhb09sdr51nc9hdm8az5b08vzkgx-glibc-2.35-163/lib/ld-linux-x86-64.so.2
7f36285ee000-7f36285f0000 r--p 00034000 00:a43 4611686019027979912       /nix/store/4nlgxhb09sdr51nc9hdm8az5b08vzkgx-glibc-2.35-163/lib/ld-linux-x86-64.so.2
7f36285f0000-7f36285f2000 rw-p 00036000 00:a43 4611686019027979912       /nix/store/4nlgxhb09sdr51nc9hdm8az5b08vzkgx-glibc-2.35-163/lib/ld-linux-x86-64.so.2
7ffcf6e64000-7ffcf6e88000 rw-p 00000000 00:00 0                          [stack]
7ffcf6fc4000-7ffcf6fc8000 r--p 00000000 00:00 0                          [vvar]
7ffcf6fc8000-7ffcf6fca000 r-xp 00000000 00:00 0                          [vdso]
ffffffffff600000-ffffffffff601000 --xp 00000000 00:00 0                  [vsyscall]


VM Arguments:
jvm_args: -XX:ThreadPriorityPolicy=1 -XX:+UnlockExperimentalVMOptions -XX:+EnableJVMCIProduct -XX:JVMCIThreadsPerNativeLibraryRuntime=1 -XX:-UnlockExperimentalVMOptions -Declipse.application=org.eclipse.jdt.ls.core.id1 -Dosgi.bundles.defaultStartLevel=4 -Declipse.product=org.eclipse.jdt.ls.core.product -Dlog.level=ALL -Xverify:none -XX:+UseParallelGC -XX:GCTimeRatio=4 -XX:AdaptiveSizePolicyWeight=90 -Dsun.zip.disableMemoryMapping=true -Xmx512m -Xms100m 
java_command: /nix/store/m6gcpi1ii6rghy04cjwjddcavv7i90df-jdt-language-server-1.9.0/share/java/plugins/org.eclipse.equinox.launcher_1.6.400.v20210924-0641.jar --add-modules=ALL-SYSTEM --add-opens java.base/java.util=ALL-UNNAMED --add-opens java.base/java.lang=ALL-UNNAMED -configuration /home/runner/.cache/jdt-language-server/config -data /home/runner/.cache/jdt-language-server/data/home/runner/Introduction-to-Java
java_class_path (initial): /nix/store/m6gcpi1ii6rghy04cjwjddcavv7i90df-jdt-language-server-1.9.0/share/java/plugins/org.eclipse.equinox.launcher_1.6.400.v20210924-0641.jar
Launcher Type: SUN_STANDARD

[Global flags]
    uintx AdaptiveSizePolicyWeight                 = 90                                        {product} {command line}
     intx CICompilerCount                          = 2                                         {product} {ergonomic}
     bool EnableJVMCIProduct                       = true                                {JVMCI product} {jimage}
    uintx GCTimeRatio                              = 4                                         {product} {command line}
   size_t InitialHeapSize                          = 104857600                                 {product} {command line}
     uint JVMCIThreadsPerNativeLibraryRuntime      = 1                                   {JVMCI product} {jimage}
   size_t MaxHeapSize                              = 536870912                                 {product} {command line}
   size_t MaxNewSize                               = 178782208                                 {product} {ergonomic}
   size_t MinHeapDeltaBytes                        = 524288                                    {product} {ergonomic}
   size_t MinHeapSize                              = 104857600                                 {product} {command line}
   size_t NewSize                                  = 34603008                                  {product} {ergonomic}
    uintx NonNMethodCodeHeapSize                   = 5826188                                {pd product} {ergonomic}
    uintx NonProfiledCodeHeapSize                  = 122916026                              {pd product} {ergonomic}
   size_t OldSize                                  = 70254592                                  {product} {ergonomic}
    uintx ProfiledCodeHeapSize                     = 122916026                              {pd product} {ergonomic}
    uintx ReservedCodeCacheSize                    = 251658240                              {pd product} {ergonomic}
     bool SegmentedCodeCache                       = true                                      {product} {ergonomic}
   size_t SoftMaxHeapSize                          = 536870912                              {manageable} {ergonomic}
     intx ThreadPriorityPolicy                     = 1                                         {product} {jimage}
     bool UseCompressedClassPointers               = true                           {product lp64_product} {ergonomic}
     bool UseCompressedOops                        = true                           {product lp64_product} {ergonomic}
     bool UseParallelGC                            = true                                      {product} {command line}

Logging:
Log output configuration:
 #0: stdout all=warning uptime,level,tags
 #1: stderr all=off uptime,level,tags

Environment Variables:
JAVA_HOME=/nix/store/gpxl5qgg8kicmcvivwmybwjlpf7wh20l-graalvm17-ce-22.3.0
PATH=/nix/store/1d6ian3r8kdzspw8hacjhl3xkp40g1lj-binutils-wrapper-2.39/bin:/nix/store/dq0xwmsk1g0i2ayg6pb7y87na2knzylh-gcc-wrapper-11.3.0/bin:/nix/store/bap4d0lpcrhpwmpb8ayjcgkmvfj62lnq-bash-interactive-5.1-p16/bin:/nix/store/pr5n59mb4jzmfx6kanwxly0l07p861fg-patchelf-0.15.0/bin:/nix/store/1gf2flfqnpqbr1b4p4qz2f72y42bs56r-gcc-11.3.0/bin:/nix/store/57xv61c5zi8pphjbcwxxjlgc34p61ic9-glibc-2.35-163-bin/bin:/nix/store/a7gvj343m05j2s32xcnwr35v31ynlypr-coreutils-9.1/bin:/nix/store/039g378vc3pc3dvi9dzdlrd0i4q93qwf-binutils-2.39/bin:/nix/store/gpxl5qgg8kicmcvivwmybwjlpf7wh20l-graalvm17-ce-22.3.0/bin:/nix/store/6z9ag3ihc8mq2hzsw48lhbznvzny65nz-apache-maven-3.8.6/bin:/nix/store/m6gcpi1ii6rghy04cjwjddcavv7i90df-jdt-language-server-1.9.0/bin:/nix/store/84xs5alhs01zrbr4ywm05kxbjbp5590l-java-debug/bin:/nix/store/mydc6f4k2z73xlcz7ilif3v2lcaiqvza-findutils-4.9.0/bin:/nix/store/j9p3g8472iijd50vhdprx0nmk2fqn5gv-diffutils-3.8/bin:/nix/store/89zs7rms6x00xfq4dq6m7mjnhkr8a6r4-gnused-4.8/bin:/nix/store/86bp03jkmsl6f92w0yzg4s59g5mhxwmy-gnugrep-3.7/bin:/nix/store/hwcdqw4jrjnd37wxqgsd47hd0j8bnj09-gawk-5.1.1/bin:/nix/store/cfbhw8r8ags41vwqaz47r583d0p4h4a1-gnutar-1.34/bin:/nix/store/p3m1ndl1lapwrlh698bnb5lvvxh67378-gzip-1.12/bin:/nix/store/a8mhcagrsly7c7mpjrpsnaahk4aax056-bzip2-1.0.8-bin/bin:/nix/store/mblgz65m3zv9x548a3d5m96fj2pbwr09-gnumake-4.3/bin:/nix/store/dsd5gz46hdbdk2rfdimqddhq6m8m8fqs-bash-5.1-p16/bin:/nix/store/v7ljksji50mg3w61dykaa3n3y79n6nil-patch-2.7.6/bin:/nix/store/zlcnmqq14jz5x9439jf937mvayyl63da-xz-5.2.7-bin/bin:/nix/store/y6aj732zm9m87c82fpvf103a1xb22blp-file-5.43/bin:/nix/store/i4kzir3m7mrisxmf5xvlnkw01x4qaqr4-prybar-elisp-0.0.0-e0d9a52/bin:/nix/store/lwwivxf6h7x3cvxp9zv8sj0mv7dak99r-prybar-lua-0.0.0-e0d9a52/bin:/nix/store/gxj28g1cg4hq3qanmjv07156h800qr58-prybar-python3-0.0.0-e0d9a52/bin:/nix/store/hshkjnxrgidigf8x75vg6lqng2xlx9i3-prybar-sqlite-0.0.0-e0d9a52/bin:/nix/store/c4w01bpjgyy5ixmwdk8m1pw87zq4sl26-prybar-tcl-0.0.0-e0d9a52/bin:/nix/store/hpbvrlwd5viqmvcaisb3x0118i913a9n-st
LD_LIBRARY_PATH=/nix/store/a4pff549sk2idnkpzk5nsfps3mdkdnvm-cups-2.4.2-lib/lib:/nix/store/72mqxxhh3cy5yifh92wh2yb8cl2hikyy-cairo-1.16.0/lib:/nix/store/2k366jrbsra97gjfxwvrhvixjfxdach5-glib-2.74.1/lib:/nix/store/2j2znigd8ak37rlwh9khz0ry3clqlw1l-gtk+3-3.24.34/lib:/nix/store/hisqvx32cd57apbpcsnkpx6k3549wql1-libglvnd-1.4.0/lib:/nix/store/p36pgcv991mq5srvg765b78yqpxvk3qs-mesa-21.3.3-drivers/lib:/nix/store/mav4251if1ahjq5vkpwycyyvnmy459c4-pulseaudio-14.2/lib
DISPLAY=:0
LANG=en_US.UTF-8

Signal Handlers:
   SIGSEGV: crash_handler in libjvm.so, mask=11100100010111111101111111111110, flags=SA_RESTART|SA_SIGINFO
    SIGBUS: crash_handler in libjvm.so, mask=11100100010111111101111111111110, flags=SA_RESTART|SA_SIGINFO
    SIGFPE: crash_handler in libjvm.so, mask=11100100010111111101111111111110, flags=SA_RESTART|SA_SIGINFO
   SIGPIPE: IsolateEnterStub_IgnoreSIGPIPEStartupHook_noopSignalHandler_8f19bff2f35b5f630d83b364d6b2339320d4ec70_216e8361c6bc87a8f89f58cc10d3b2fd4415bf87 in libjvmcicompiler.so, mask=00000000000000000000000000000000, flags=SA_RESTART
  *** Handler was modified!
  *** Expected: javaSignalHandler in libjvm.so, mask=11100100110111111111111111111110, flags=SA_RESTART|SA_SIGINFO
   SIGXFSZ: javaSignalHandler in libjvm.so, mask=11100100010111111101111111111110, flags=SA_RESTART|SA_SIGINFO
    SIGILL: crash_handler in libjvm.so, mask=11100100010111111101111111111110, flags=SA_RESTART|SA_SIGINFO
   SIGUSR2: SR_handler in libjvm.so, mask=00000000000000000000000000000000, flags=SA_RESTART|SA_SIGINFO
    SIGHUP: UserHandler in libjvm.so, mask=11100100010111111101111111111110, flags=SA_RESTART|SA_SIGINFO
    SIGINT: UserHandler in libjvm.so, mask=11100100010111111101111111111110, flags=SA_RESTART|SA_SIGINFO
   SIGTERM: UserHandler in libjvm.so, mask=11100100010111111101111111111110, flags=SA_RESTART|SA_SIGINFO
   SIGQUIT: UserHandler in libjvm.so, mask=11100100010111111101111111111110, flags=SA_RESTART|SA_SIGINFO
  *** Handler was modified!
  *** Expected: javaSignalHandler in libjvm.so, mask=11100100110111111111111111111110, flags=SA_RESTART|SA_SIGINFO
   SIGTRAP: crash_handler in libjvm.so, mask=11100100010111111101111111111110, flags=SA_RESTART|SA_SIGINFO


---------------  S Y S T E M  ---------------

OS:
DISTRIB_ID=Ubuntu
DISTRIB_RELEASE=20.04
DISTRIB_CODENAME=focal
DISTRIB_DESCRIPTION="Ubuntu 20.04.2 LTS"
uname: Linux 6.2.0-1011-gcp #11~22.04.1-Ubuntu SMP Wed Aug  2 05:19:58 UTC 2023 x86_64
OS uptime: 0 days 0:26 hours
libc: glibc 2.35 NPTL 2.35 
rlimit (soft/hard): STACK 8192k/infinity , CORE infinity/infinity , NPROC infinity/infinity , NOFILE 5242/5242 , AS infinity/infinity , CPU infinity/infinity , DATA infinity/infinity , FSIZE infinity/infinity , MEMLOCK 8192k/8192k
load average: 4.92 6.49 5.21

/proc/meminfo:
MemTotal:       65835952 kB
MemFree:        47421720 kB
MemAvailable:   56725736 kB
Buffers:         1046308 kB
Cached:          8306108 kB
SwapCached:            0 kB
Active:          3763624 kB
Inactive:       13247624 kB
Active(anon):       7616 kB
Inactive(anon):  7623368 kB
Active(file):    3756008 kB
Inactive(file):  5624256 kB
Unevictable:       29168 kB
Mlocked:           29168 kB
SwapTotal:             0 kB
SwapFree:              0 kB
Zswap:                 0 kB
Zswapped:              0 kB
Dirty:              2032 kB
Writeback:             0 kB
AnonPages:       7555032 kB
Mapped:          1557460 kB
Shmem:             29064 kB
KReclaimable:     650204 kB
Slab:             972252 kB
SReclaimable:     650204 kB
SUnreclaim:       322048 kB
KernelStack:       86908 kB
PageTables:        86588 kB
SecPageTables:         0 kB
NFS_Unstable:          0 kB
Bounce:                0 kB
WritebackTmp:          0 kB
CommitLimit:    32917976 kB
Committed_AS:   32680244 kB
VmallocTotal:   34359738367 kB
VmallocUsed:      107296 kB
VmallocChunk:          0 kB
Percpu:            17120 kB
HardwareCorrupted:     0 kB
AnonHugePages:   1140736 kB
ShmemHugePages:        0 kB
ShmemPmdMapped:        0 kB
FileHugePages:         0 kB
FilePmdMapped:         0 kB
HugePages_Total:       0
HugePages_Free:        0
HugePages_Rsvd:        0
HugePages_Surp:        0
Hugepagesize:       2048 kB
Hugetlb:               0 kB
DirectMap4k:      273208 kB
DirectMap2M:     9160704 kB
DirectMap1G:    59768832 kB

/sys/kernel/mm/transparent_hugepage/enabled: always [madvise] never
/sys/kernel/mm/transparent_hugepage/defrag (defrag/compaction efforts parameter): always defer defer+madvise [madvise] never

Process Memory:
Virtual Size: 4988540K (peak: 5021500K)
Resident Set Size: 792308K (peak: 816512K) (anon: 594452K, file: 197856K, shmem: 0K)
Swapped out: 0K
C-Heap outstanding allocations: 44066K, retained: 15797K
glibc malloc tunables: (default)

/proc/sys/kernel/threads-max (system-wide limit on the number of threads): 514277
/proc/sys/vm/max_map_count (maximum number of memory map areas a process may have): 65530
/proc/sys/kernel/pid_max (system-wide limit on number of process identifiers): 4194304

container (cgroup) information:
container_type: cgroupv1
cpu_cpuset_cpus: 2-7
cpu_memory_nodes: 0
active_processor_count: 1
cpu_quota: 50000
cpu_period: 100000
cpu_shares: 512
memory_limit_in_bytes: 1048576 k
memory_and_swap_limit_in_bytes: 1048576 k
memory_soft_limit_in_bytes: 524288 k
memory_usage_in_bytes: 663376 k
memory_max_usage_in_bytes: 707808 k
maximum number of tasks: 1000
current number of tasks: 66

KVM virtualization detected
Steal ticks since vm start: 0
Steal ticks percentage since vm start:  0.000

CPU: total 8 (initial active 1) (8 cores per cpu, 2 threads per core) family 23 model 49 stepping 0 microcode 0xffffffff, cx8, cmov, fxsr, ht, mmx, 3dnowpref, sse, sse2, sse3, ssse3, sse4a, sse4.1, sse4.2, popcnt, lzcnt, tsc, tscinvbit, avx, avx2, aes, clmul, bmi1, bmi2, adx, sha, fma, vzeroupper, clflush, clflushopt, hv
CPU Model and flags from /proc/cpuinfo:
model name	: AMD EPYC 7B12
flags		: fpu vme de pse tsc msr pae mce cx8 apic sep mtrr pge mca cmov pat pse36 clflush mmx fxsr sse sse2 ht syscall nx mmxext fxsr_opt pdpe1gb rdtscp lm constant_tsc rep_good nopl nonstop_tsc cpuid extd_apicid tsc_known_freq pni pclmulqdq ssse3 fma cx16 sse4_1 sse4_2 movbe popcnt aes xsave avx f16c rdrand hypervisor lahf_lm cmp_legacy cr8_legacy abm sse4a misalignsse 3dnowprefetch osvw topoext ssbd ibrs ibpb stibp vmmcall fsgsbase tsc_adjust bmi1 avx2 smep bmi2 rdseed adx smap clflushopt clwb sha_ni xsaveopt xsavec xgetbv1 clzero xsaveerptr arat npt nrip_save umip rdpid

Online cpus: 0-7
Offline cpus: 
BIOS frequency limitation: <Not Available>
Frequency switch latency (ns): <Not Available>
Available cpu frequencies: <Not Available>
Current governor: <Not Available>
Core performance/turbo boost: <Not Available>

Memory: 4k page, physical 1048576k(385188k free), swap 0k(0k free)
Page Sizes: 4k

vm_info: OpenJDK 64-Bit Server VM (17.0.5+8-jvmci-22.3-b08) for linux-amd64 JRE (17.0.5+8-jvmci-22.3-b08), built on Oct 19 2022 09:01:27 by "buildslave" with gcc 10.3.0

END.
